<?xml version="1.0" encoding="UTF-8"?>
<!-- Generated by org.testng.reporters.JUnitXMLReporter -->
<testsuite hostname="EGDM1-AMounir" ignored="0" name="Default test" tests="4" failures="0" timestamp="10 Jun 2019 08:51:57 GMT" time="82.681" errors="0">
  <testcase name="CheckLogin" time="0.344" classname="tests.ProductSetupAfterRepPlan"/>
  <testcase name="FillData" time="69.665" classname="tests.ProductSetupAfterRepPlan"/>
  <testcase name="SaveProductSetup" time="5.174" classname="tests.ProductSetupAfterRepPlan"/>
  <testcase name="PostButton" time="5.095" classname="tests.ProductSetupAfterRepPlan"/>
</testsuite> <!-- Default test -->
