<?xml version="1.0" encoding="UTF-8"?>
<!-- Generated by org.testng.reporters.JUnitXMLReporter -->
<testsuite hostname="EGDM1-AMounir" ignored="0" name="Default test" tests="4" failures="0" timestamp="21 Mar 2019 11:09:17 GMT" time="57.42" errors="0">
  <testcase name="CheckLogin" time="0.737" classname="tests.RetailMurabahaTest"/>
  <testcase name="CheckOpenRetailMurabah" time="28.157" classname="tests.RetailMurabahaTest"/>
  <testcase name="CheckInsertAllMandatoryFields" time="25.119" classname="tests.RetailMurabahaTest"/>
  <testcase name="CheckSaveRetailMurabaha" time="0.133" classname="tests.RetailMurabahaTest"/>
</testsuite> <!-- Default test -->
