<?xml version="1.0" encoding="UTF-8"?>
<!-- Generated by org.testng.reporters.JUnitXMLReporter -->
<testsuite hostname="EGDM1-AMounir" ignored="0" name="Default test" tests="3" failures="0" timestamp="26 Mar 2019 10:49:07 GMT" time="59.284" errors="0">
  <testcase name="CheckLogin" time="3.428" classname="tests.BusinessRulesTest"/>
  <testcase name="OpenBusinessRules" time="48.652" classname="tests.BusinessRulesTest"/>
  <testcase name="SaveBusinessRules" time="6.2" classname="tests.BusinessRulesTest"/>
</testsuite> <!-- Default test -->
