<?xml version="1.0" encoding="UTF-8"?>
<!-- Generated by org.testng.reporters.JUnitXMLReporter -->
<testsuite hostname="EGDM1-AMounir" ignored="0" name="Default test" tests="5" failures="0" timestamp="26 Mar 2019 09:23:02 GMT" time="66.081" errors="0">
  <testcase name="CheckLogin" time="3.624" classname="tests.BusinessRulesCRUD"/>
  <testcase name="OpenBusinessRules" time="48.041" classname="tests.BusinessRulesCRUD"/>
  <testcase name="SaveBusinessRules" time="6.154" classname="tests.BusinessRulesCRUD"/>
  <testcase name="UpdateBusinessRules" time="5.473" classname="tests.BusinessRulesCRUD"/>
  <testcase name="DeleteBusinessRule" time="1.106" classname="tests.BusinessRulesCRUD"/>
</testsuite> <!-- Default test -->
