<?xml version="1.0" encoding="UTF-8"?>
<!-- Generated by org.testng.reporters.JUnitXMLReporter -->
<testsuite hostname="EGDM1-ABaiomy" ignored="0" name="Default test" tests="5" failures="0" timestamp="17 Apr 2019 11:04:39 GMT" time="67.757" errors="0">
  <testcase name="CheckLogin" time="2.417" classname="tests.RetailMurabahaTest"/>
  <testcase name="CheckOpenRetailMurabah" time="3.525" classname="tests.RetailMurabahaTest"/>
  <testcase name="CheckInsertAllMandatoryFields" time="53.58" classname="tests.RetailMurabahaTest"/>
  <testcase name="CheckSaveRetailMurabaha" time="0.19" classname="tests.RetailMurabahaTest"/>
  <testcase name="RequestForApprove" time="6.298" classname="tests.RetailMurabahaTest"/>
</testsuite> <!-- Default test -->
