<?xml version="1.0" encoding="UTF-8"?>
<!-- Generated by org.testng.reporters.JUnitXMLReporter -->
<testsuite hostname="MEmad" ignored="0" name="Default test" tests="3" failures="0" timestamp="13 ينا 2019 20:33:37 GMT" time="23.638" errors="0">
  <testcase name="UserCanRegisterSuccessfully" time="12.959" classname="tests.UserRegistrationTest"/>
  <testcase name="UserLogOut" time="2.249" classname="tests.UserRegistrationTest"/>
  <testcase name="UserCanLoginSuccessfully" time="7.607" classname="tests.UserRegistrationTest"/>
</testsuite> <!-- Default test -->
