<?xml version="1.0" encoding="UTF-8"?>
<!-- Generated by org.testng.reporters.JUnitXMLReporter -->
<testsuite hostname="EGDM1-MEMAD" ignored="0" name="Default test" tests="5" failures="0" timestamp="17 Apr 2019 09:59:46 GMT" time="68.143" errors="0">
  <testcase name="CheckLogin" time="1.558" classname="tests.RetailMurabahaTest"/>
  <testcase name="CheckOpenRetailMurabah" time="3.784" classname="tests.RetailMurabahaTest"/>
  <testcase name="CheckInsertAllMandatoryFields" time="54.209" classname="tests.RetailMurabahaTest"/>
  <testcase name="CheckSaveRetailMurabaha" time="3.739" classname="tests.RetailMurabahaTest"/>
  <testcase name="RequestForApprove" time="3.183" classname="tests.RetailMurabahaTest"/>
</testsuite> <!-- Default test -->
