<?xml version="1.0" encoding="UTF-8"?>
<!-- Generated by org.testng.reporters.JUnitXMLReporter -->
<testsuite hostname="EGDM1-AMounir" ignored="0" name="Default test" tests="4" failures="0" timestamp="19 Mar 2019 08:07:54 GMT" time="64.866" errors="0">
  <testcase name="CheckLogin" time="0.617" classname="tests.RetailMurabahaTest"/>
  <testcase name="CheckOpenRetailMurabah" time="24.541" classname="tests.RetailMurabahaTest"/>
  <testcase name="CheckInsertAllMandatoryFields" time="37.229" classname="tests.RetailMurabahaTest"/>
  <testcase name="CheckSaveRetailMurabaha" time="0.125" classname="tests.RetailMurabahaTest"/>
</testsuite> <!-- Default test -->
