<?xml version="1.0" encoding="UTF-8"?>
<!-- Generated by org.testng.reporters.JUnitXMLReporter -->
<testsuite hostname="EGDM1-ABaiomy" ignored="0" name="Default test" tests="3" failures="0" timestamp="21 Mar 2019 09:15:01 GMT" time="135.674" errors="0">
  <testcase name="CheckLogin" time="0.364" classname="tests.ProductSetupTest"/>
  <testcase name="FillData" time="128.196" classname="tests.ProductSetupTest"/>
  <testcase name="SaveProductSetup" time="5.098" classname="tests.ProductSetupTest"/>
</testsuite> <!-- Default test -->
