<?xml version="1.0" encoding="UTF-8"?>
<!-- Generated by org.testng.reporters.JUnitXMLReporter -->
<testsuite hostname="EGDM1-ABaiomy" ignored="0" name="Default test" tests="3" failures="0" timestamp="24 Mar 2019 09:51:13 GMT" time="144.766" errors="0">
  <testcase name="CheckLogin" time="0.374" classname="tests.ProductSetupTest"/>
  <testcase name="FillData" time="138.03" classname="tests.ProductSetupTest"/>
  <testcase name="SaveProductSetup" time="5.093" classname="tests.ProductSetupTest"/>
</testsuite> <!-- Default test -->
