<?xml version="1.0" encoding="UTF-8"?>
<!-- Generated by org.testng.reporters.JUnitXMLReporter -->
<testsuite hostname="EGDM1-AMounir" ignored="2" name="Test" tests="1" failures="0" timestamp="27 Aug 2019 11:27:44 GMT" time="0.596" errors="0">
  <testcase name="CheckLogin" time="0.505" classname="tests.CRUDTest.SectorsCRUDTest"/>
  <testcase name="@BeforeSuite startDriver" time="0.0" classname="tests.TestBase">
    <ignored/>
  </testcase> <!-- @BeforeSuite startDriver -->
  <testcase name="@AfterSuite stopDriver" time="0.0" classname="tests.TestBase">
    <ignored/>
  </testcase> <!-- @AfterSuite stopDriver -->
</testsuite> <!-- Test -->
