<?xml version="1.0" encoding="UTF-8"?>
<!-- Generated by org.testng.reporters.JUnitXMLReporter -->
<testsuite hostname="EGDM1-ABaiomy" ignored="0" name="tests" tests="4" failures="2" timestamp="24 Mar 2019 17:37:04 GMT" time="0.074" errors="0">
  <testcase name="CheckLogin" time="0.034" classname="tests.ProductSetupTest">
    <failure type="java.lang.NullPointerException">
      <![CDATA[java.lang.NullPointerException
at org.openqa.selenium.support.pagefactory.DefaultElementLocator.findElement(DefaultElementLocator.java:69)
at org.openqa.selenium.support.pagefactory.internal.LocatingElementHandler.invoke(LocatingElementHandler.java:38)
at com.sun.proxy.$Proxy11.sendKeys(Unknown Source)
at Pages.PageBase.setTextElementText(PageBase.java:55)
at Pages.LoginPage.UserLogin(LoginPage.java:43)
at tests.ProductSetupTest.CheckLogin(ProductSetupTest.java:46)
... Removed 25 stack frames]]>
    </failure>
  </testcase> <!-- CheckLogin -->
  <testcase name="SaveProductSetup" time="0.003" classname="tests.ProductSetupTest">
    <failure type="java.lang.NullPointerException">
      <![CDATA[java.lang.NullPointerException
at tests.ProductSetupTest.SaveProductSetup(ProductSetupTest.java:63)
... Removed 25 stack frames]]>
    </failure>
  </testcase> <!-- SaveProductSetup -->
  <testcase name="PostButton" time="0.0" classname="tests.ProductSetupTest">
    <skipped/>
  </testcase> <!-- PostButton -->
  <testcase name="FillData" time="0.0" classname="tests.ProductSetupTest">
    <skipped/>
  </testcase> <!-- FillData -->
</testsuite> <!-- tests -->
