<?xml version="1.0" encoding="UTF-8"?>
<!-- Generated by org.testng.reporters.JUnitXMLReporter -->
<testsuite hostname="EGDM1-ABaiomy" ignored="2" name="test1" tests="2" failures="0" timestamp="25 Mar 2019 08:07:48 GMT" time="24.404" errors="0">
  <testcase name="CheckLogin" time="0.376" classname="tests.ProductSetupTest"/>
  <testcase name="CheckOpenRetailMurabah" time="23.003" classname="tests.RetailMurabahaTest"/>
  <testcase name="@BeforeSuite startDriver" time="0.0" classname="tests.TestBase">
    <ignored/>
  </testcase> <!-- @BeforeSuite startDriver -->
  <testcase name="@AfterSuite stopDriver" time="0.0" classname="tests.TestBase">
    <ignored/>
  </testcase> <!-- @AfterSuite stopDriver -->
</testsuite> <!-- test1 -->
