<?xml version="1.0" encoding="UTF-8"?>
<testng-results skipped="0" failed="0" ignored="0" total="2" passed="2">
  <reporter-output>
  </reporter-output>
  <suite name="Default suite" duration-ms="131107" started-at="2019-03-20T15:56:02Z" finished-at="2019-03-20T15:58:13Z">
    <groups>
    </groups>
    <test name="Default test" duration-ms="131107" started-at="2019-03-20T15:56:02Z" finished-at="2019-03-20T15:58:13Z">
      <class name="tests.ProductSetupTest">
        <test-method status="PASS" signature="startDriver(java.lang.String)[pri:0, instance:tests.ProductSetupTest@5e3a8624]" name="startDriver" is-config="true" duration-ms="4863" started-at="2019-03-20T15:55:57Z" finished-at="2019-03-20T15:56:02Z">
          <params>
            <param index="0">
              <value>
                <![CDATA[chrome]]>
              </value>
            </param>
          </params>
          <reporter-output>
          </reporter-output>
        </test-method> <!-- startDriver -->
        <test-method status="PASS" signature="CheckLogin()[pri:1, instance:tests.ProductSetupTest@5e3a8624]" name="CheckLogin" duration-ms="369" started-at="2019-03-20T15:56:02Z" finished-at="2019-03-20T15:56:02Z">
          <reporter-output>
          </reporter-output>
        </test-method> <!-- CheckLogin -->
        <test-method status="PASS" signature="takeScreenshots(org.testng.ITestResult)[pri:0, instance:tests.ProductSetupTest@5e3a8624]" name="takeScreenshots" is-config="true" duration-ms="1498" started-at="2019-03-20T15:56:02Z" finished-at="2019-03-20T15:56:03Z">
          <params>
            <param index="0">
              <value>
                <![CDATA[[TestResult name=CheckLogin status=SUCCESS method=ProductSetupTest.CheckLogin()[pri:1, instance:tests.ProductSetupTest@5e3a8624] output={null}]]]>
              </value>
            </param>
          </params>
          <reporter-output>
          </reporter-output>
        </test-method> <!-- takeScreenshots -->
        <test-method status="PASS" signature="FillData()[pri:0, instance:tests.ProductSetupTest@5e3a8624]" name="FillData" duration-ms="128927" started-at="2019-03-20T15:56:03Z" depends-on-methods="tests.ProductSetupTest.CheckLogin" finished-at="2019-03-20T15:58:12Z">
          <reporter-output>
          </reporter-output>
        </test-method> <!-- FillData -->
        <test-method status="PASS" signature="takeScreenshots(org.testng.ITestResult)[pri:0, instance:tests.ProductSetupTest@5e3a8624]" name="takeScreenshots" is-config="true" duration-ms="297" started-at="2019-03-20T15:58:12Z" finished-at="2019-03-20T15:58:13Z">
          <params>
            <param index="0">
              <value>
                <![CDATA[[TestResult name=FillData status=SUCCESS method=ProductSetupTest.FillData()[pri:0, instance:tests.ProductSetupTest@5e3a8624] output={null}]]]>
              </value>
            </param>
          </params>
          <reporter-output>
          </reporter-output>
        </test-method> <!-- takeScreenshots -->
        <test-method status="PASS" signature="stopDriver()[pri:0, instance:tests.ProductSetupTest@5e3a8624]" name="stopDriver" is-config="true" duration-ms="663" started-at="2019-03-20T15:58:13Z" finished-at="2019-03-20T15:58:13Z">
          <reporter-output>
          </reporter-output>
        </test-method> <!-- stopDriver -->
      </class> <!-- tests.ProductSetupTest -->
    </test> <!-- Default test -->
  </suite> <!-- Default suite -->
</testng-results>
