<?xml version="1.0" encoding="UTF-8"?>
<testng-results skipped="0" failed="0" ignored="0" total="1" passed="1">
  <reporter-output>
  </reporter-output>
  <suite name="Default suite" duration-ms="2217" started-at="2019-06-10T09:07:11Z" finished-at="2019-06-10T09:07:13Z">
    <groups>
    </groups>
    <test name="Default test" duration-ms="2217" started-at="2019-06-10T09:07:11Z" finished-at="2019-06-10T09:07:13Z">
      <class name="tests.LoginTest">
        <test-method status="PASS" signature="startDriver(java.lang.String)[pri:0, instance:tests.LoginTest@685cb137]" name="startDriver" is-config="true" duration-ms="7474" started-at="2019-06-10T09:07:03Z" finished-at="2019-06-10T09:07:11Z">
          <params>
            <param index="0">
              <value>
                <![CDATA[chrome]]>
              </value>
            </param>
          </params>
          <reporter-output>
          </reporter-output>
        </test-method> <!-- startDriver -->
        <test-method status="PASS" signature="CheckLogin()[pri:0, instance:tests.LoginTest@685cb137]" name="CheckLogin" duration-ms="534" started-at="2019-06-10T09:07:11Z" finished-at="2019-06-10T09:07:11Z">
          <reporter-output>
          </reporter-output>
        </test-method> <!-- CheckLogin -->
        <test-method status="PASS" signature="takeScreenshots(org.testng.ITestResult)[pri:0, instance:tests.LoginTest@685cb137]" name="takeScreenshots" is-config="true" duration-ms="1645" started-at="2019-06-10T09:07:11Z" finished-at="2019-06-10T09:07:13Z">
          <params>
            <param index="0">
              <value>
                <![CDATA[[TestResult name=CheckLogin status=SUCCESS method=LoginTest.CheckLogin()[pri:0, instance:tests.LoginTest@685cb137] output={null}]]]>
              </value>
            </param>
          </params>
          <reporter-output>
          </reporter-output>
        </test-method> <!-- takeScreenshots -->
        <test-method status="PASS" signature="stopDriver()[pri:0, instance:tests.LoginTest@685cb137]" name="stopDriver" is-config="true" duration-ms="0" started-at="2019-06-10T09:07:13Z" finished-at="2019-06-10T09:07:13Z">
          <reporter-output>
          </reporter-output>
        </test-method> <!-- stopDriver -->
      </class> <!-- tests.LoginTest -->
    </test> <!-- Default test -->
  </suite> <!-- Default suite -->
</testng-results>
