<?xml version="1.0" encoding="UTF-8"?>
<testng-results skipped="0" failed="0" ignored="0" total="1" passed="1">
  <reporter-output>
  </reporter-output>
  <suite name="Default suite" duration-ms="964" started-at="2019-03-26T10:17:53Z" finished-at="2019-03-26T10:17:53Z">
    <groups>
      <group name="RetailMurabahaTest">
        <method signature="RetailMurabahaTestCRUD.CheckLogin()[pri:1, instance:tests.RetailMurabahaTestCRUD@604ed9f0]" name="CheckLogin" class="tests.RetailMurabahaTestCRUD"/>
        <method signature="RetailMurabahaTestCRUD.CheckOpenRetailMurabah()[pri:0, instance:tests.RetailMurabahaTestCRUD@604ed9f0]" name="CheckOpenRetailMurabah" class="tests.RetailMurabahaTestCRUD"/>
        <method signature="RetailMurabahaTestCRUD.CheckInsertAllMandatoryFields()[pri:0, instance:tests.RetailMurabahaTestCRUD@604ed9f0]" name="CheckInsertAllMandatoryFields" class="tests.RetailMurabahaTestCRUD"/>
        <method signature="RetailMurabahaTestCRUD.CheckSaveRetailMurabaha()[pri:0, instance:tests.RetailMurabahaTestCRUD@604ed9f0]" name="CheckSaveRetailMurabaha" class="tests.RetailMurabahaTestCRUD"/>
      </group> <!-- RetailMurabahaTest -->
    </groups>
    <test name="Default test" duration-ms="964" started-at="2019-03-26T10:17:53Z" finished-at="2019-03-26T10:17:53Z">
      <class name="tests.RetailMurabahaTestCRUD">
        <test-method status="PASS" signature="startDriver(java.lang.String)[pri:0, instance:tests.RetailMurabahaTestCRUD@604ed9f0]" name="startDriver" is-config="true" duration-ms="5786" started-at="2019-03-26T10:17:47Z" finished-at="2019-03-26T10:17:53Z">
          <params>
            <param index="0">
              <value>
                <![CDATA[chrome]]>
              </value>
            </param>
          </params>
          <reporter-output>
          </reporter-output>
        </test-method> <!-- startDriver -->
        <test-method status="PASS" signature="CheckLogin()[pri:1, instance:tests.RetailMurabahaTestCRUD@604ed9f0]" name="CheckLogin" duration-ms="354" started-at="2019-03-26T10:17:53Z" finished-at="2019-03-26T10:17:53Z">
          <reporter-output>
          </reporter-output>
        </test-method> <!-- CheckLogin -->
        <test-method status="PASS" signature="takeScreenshots(org.testng.ITestResult)[pri:0, instance:tests.RetailMurabahaTestCRUD@604ed9f0]" name="takeScreenshots" is-config="true" duration-ms="588" started-at="2019-03-26T10:17:53Z" finished-at="2019-03-26T10:17:53Z">
          <params>
            <param index="0">
              <value>
                <![CDATA[[TestResult name=CheckLogin status=SUCCESS method=RetailMurabahaTestCRUD.CheckLogin()[pri:1, instance:tests.RetailMurabahaTestCRUD@604ed9f0] output={null}]]]>
              </value>
            </param>
          </params>
          <reporter-output>
          </reporter-output>
        </test-method> <!-- takeScreenshots -->
        <test-method status="PASS" signature="stopDriver()[pri:0, instance:tests.RetailMurabahaTestCRUD@604ed9f0]" name="stopDriver" is-config="true" duration-ms="0" started-at="2019-03-26T10:17:54Z" finished-at="2019-03-26T10:17:54Z">
          <reporter-output>
          </reporter-output>
        </test-method> <!-- stopDriver -->
      </class> <!-- tests.RetailMurabahaTestCRUD -->
    </test> <!-- Default test -->
  </suite> <!-- Default suite -->
</testng-results>
