<?xml version="1.0" encoding="UTF-8"?>
<testng-results skipped="0" failed="0" ignored="0" total="4" passed="4">
  <reporter-output>
  </reporter-output>
  <suite name="Default suite" duration-ms="57420" started-at="2019-03-21T11:08:20Z" finished-at="2019-03-21T11:09:17Z">
    <groups>
    </groups>
    <test name="Default test" duration-ms="57420" started-at="2019-03-21T11:08:20Z" finished-at="2019-03-21T11:09:17Z">
      <class name="tests.RetailMurabahaTest">
        <test-method status="PASS" signature="startDriver(java.lang.String)[pri:0, instance:tests.RetailMurabahaTest@91161c7]" name="startDriver" is-config="true" duration-ms="8978" started-at="2019-03-21T11:08:11Z" finished-at="2019-03-21T11:08:20Z">
          <params>
            <param index="0">
              <value>
                <![CDATA[chrome]]>
              </value>
            </param>
          </params>
          <reporter-output>
          </reporter-output>
        </test-method> <!-- startDriver -->
        <test-method status="PASS" signature="CheckLogin()[pri:1, instance:tests.RetailMurabahaTest@91161c7]" name="CheckLogin" duration-ms="737" started-at="2019-03-21T11:08:20Z" finished-at="2019-03-21T11:08:20Z">
          <reporter-output>
          </reporter-output>
        </test-method> <!-- CheckLogin -->
        <test-method status="PASS" signature="takeScreenshots(org.testng.ITestResult)[pri:0, instance:tests.RetailMurabahaTest@91161c7]" name="takeScreenshots" is-config="true" duration-ms="2374" started-at="2019-03-21T11:08:20Z" finished-at="2019-03-21T11:08:23Z">
          <params>
            <param index="0">
              <value>
                <![CDATA[[TestResult name=CheckLogin status=SUCCESS method=RetailMurabahaTest.CheckLogin()[pri:1, instance:tests.RetailMurabahaTest@91161c7] output={null}]]]>
              </value>
            </param>
          </params>
          <reporter-output>
          </reporter-output>
        </test-method> <!-- takeScreenshots -->
        <test-method status="PASS" signature="CheckOpenRetailMurabah()[pri:2, instance:tests.RetailMurabahaTest@91161c7]" name="CheckOpenRetailMurabah" duration-ms="28157" started-at="2019-03-21T11:08:23Z" finished-at="2019-03-21T11:08:51Z">
          <reporter-output>
          </reporter-output>
        </test-method> <!-- CheckOpenRetailMurabah -->
        <test-method status="PASS" signature="takeScreenshots(org.testng.ITestResult)[pri:0, instance:tests.RetailMurabahaTest@91161c7]" name="takeScreenshots" is-config="true" duration-ms="298" started-at="2019-03-21T11:08:51Z" finished-at="2019-03-21T11:08:51Z">
          <params>
            <param index="0">
              <value>
                <![CDATA[[TestResult name=CheckOpenRetailMurabah status=SUCCESS method=RetailMurabahaTest.CheckOpenRetailMurabah()[pri:2, instance:tests.RetailMurabahaTest@91161c7] output={null}]]]>
              </value>
            </param>
          </params>
          <reporter-output>
          </reporter-output>
        </test-method> <!-- takeScreenshots -->
        <test-method status="PASS" signature="CheckInsertAllMandatoryFields()[pri:3, instance:tests.RetailMurabahaTest@91161c7]" name="CheckInsertAllMandatoryFields" duration-ms="25119" started-at="2019-03-21T11:08:51Z" finished-at="2019-03-21T11:09:16Z">
          <reporter-output>
          </reporter-output>
        </test-method> <!-- CheckInsertAllMandatoryFields -->
        <test-method status="PASS" signature="takeScreenshots(org.testng.ITestResult)[pri:0, instance:tests.RetailMurabahaTest@91161c7]" name="takeScreenshots" is-config="true" duration-ms="262" started-at="2019-03-21T11:09:16Z" finished-at="2019-03-21T11:09:17Z">
          <params>
            <param index="0">
              <value>
                <![CDATA[[TestResult name=CheckInsertAllMandatoryFields status=SUCCESS method=RetailMurabahaTest.CheckInsertAllMandatoryFields()[pri:3, instance:tests.RetailMurabahaTest@91161c7] output={null}]]]>
              </value>
            </param>
          </params>
          <reporter-output>
          </reporter-output>
        </test-method> <!-- takeScreenshots -->
        <test-method status="PASS" signature="CheckSaveRetailMurabaha()[pri:4, instance:tests.RetailMurabahaTest@91161c7]" name="CheckSaveRetailMurabaha" duration-ms="133" started-at="2019-03-21T11:09:17Z" finished-at="2019-03-21T11:09:17Z">
          <reporter-output>
          </reporter-output>
        </test-method> <!-- CheckSaveRetailMurabaha -->
        <test-method status="PASS" signature="takeScreenshots(org.testng.ITestResult)[pri:0, instance:tests.RetailMurabahaTest@91161c7]" name="takeScreenshots" is-config="true" duration-ms="316" started-at="2019-03-21T11:09:17Z" finished-at="2019-03-21T11:09:17Z">
          <params>
            <param index="0">
              <value>
                <![CDATA[[TestResult name=CheckSaveRetailMurabaha status=SUCCESS method=RetailMurabahaTest.CheckSaveRetailMurabaha()[pri:4, instance:tests.RetailMurabahaTest@91161c7] output={null}]]]>
              </value>
            </param>
          </params>
          <reporter-output>
          </reporter-output>
        </test-method> <!-- takeScreenshots -->
        <test-method status="PASS" signature="stopDriver()[pri:0, instance:tests.RetailMurabahaTest@91161c7]" name="stopDriver" is-config="true" duration-ms="0" started-at="2019-03-21T11:09:17Z" finished-at="2019-03-21T11:09:17Z">
          <reporter-output>
          </reporter-output>
        </test-method> <!-- stopDriver -->
      </class> <!-- tests.RetailMurabahaTest -->
    </test> <!-- Default test -->
  </suite> <!-- Default suite -->
</testng-results>
