<?xml version="1.0" encoding="UTF-8"?>
<testng-results skipped="0" failed="1" ignored="0" total="3" passed="2">
  <reporter-output>
  </reporter-output>
  <suite name="Default suite" duration-ms="120906" started-at="2019-04-02T07:58:49Z" finished-at="2019-04-02T08:00:50Z">
    <groups>
    </groups>
    <test name="Default test" duration-ms="120906" started-at="2019-04-02T07:58:49Z" finished-at="2019-04-02T08:00:50Z">
      <class name="tests.RetailMurabahaTestCRUD">
        <test-method status="PASS" signature="startDriver(java.lang.String)[pri:0, instance:tests.RetailMurabahaTestCRUD@42d80b78]" name="startDriver" is-config="true" duration-ms="4774" started-at="2019-04-02T07:58:44Z" finished-at="2019-04-02T07:58:49Z">
          <params>
            <param index="0">
              <value>
                <![CDATA[chrome]]>
              </value>
            </param>
          </params>
          <reporter-output>
          </reporter-output>
        </test-method> <!-- startDriver -->
        <test-method status="PASS" signature="CheckLogin()[pri:0, instance:tests.RetailMurabahaTestCRUD@42d80b78]" name="CheckLogin" duration-ms="281" started-at="2019-04-02T07:58:49Z" finished-at="2019-04-02T07:58:49Z">
          <reporter-output>
          </reporter-output>
        </test-method> <!-- CheckLogin -->
        <test-method status="PASS" signature="takeScreenshots(org.testng.ITestResult)[pri:0, instance:tests.RetailMurabahaTestCRUD@42d80b78]" name="takeScreenshots" is-config="true" duration-ms="1610" started-at="2019-04-02T07:58:49Z" finished-at="2019-04-02T07:58:51Z">
          <params>
            <param index="0">
              <value>
                <![CDATA[[TestResult name=CheckLogin status=SUCCESS method=RetailMurabahaTestCRUD.CheckLogin()[pri:0, instance:tests.RetailMurabahaTestCRUD@42d80b78] output={null}]]]>
              </value>
            </param>
          </params>
          <reporter-output>
          </reporter-output>
        </test-method> <!-- takeScreenshots -->
        <test-method status="PASS" signature="CheckOpenRetailMurabah()[pri:0, instance:tests.RetailMurabahaTestCRUD@42d80b78]" name="CheckOpenRetailMurabah" duration-ms="31057" started-at="2019-04-02T07:58:51Z" depends-on-methods="tests.RetailMurabahaTestCRUD.CheckLogin" finished-at="2019-04-02T07:59:22Z">
          <reporter-output>
          </reporter-output>
        </test-method> <!-- CheckOpenRetailMurabah -->
        <test-method status="PASS" signature="takeScreenshots(org.testng.ITestResult)[pri:0, instance:tests.RetailMurabahaTestCRUD@42d80b78]" name="takeScreenshots" is-config="true" duration-ms="310" started-at="2019-04-02T07:59:22Z" finished-at="2019-04-02T07:59:22Z">
          <params>
            <param index="0">
              <value>
                <![CDATA[[TestResult name=CheckOpenRetailMurabah status=SUCCESS method=RetailMurabahaTestCRUD.CheckOpenRetailMurabah()[pri:0, instance:tests.RetailMurabahaTestCRUD@42d80b78] output={null}]]]>
              </value>
            </param>
          </params>
          <reporter-output>
          </reporter-output>
        </test-method> <!-- takeScreenshots -->
        <test-method status="FAIL" signature="CheckInsertAllMandatoryFieldsA()[pri:0, instance:tests.RetailMurabahaTestCRUD@42d80b78]" name="CheckInsertAllMandatoryFieldsA" duration-ms="87320" started-at="2019-04-02T07:59:22Z" depends-on-methods="tests.RetailMurabahaTestCRUD.CheckOpenRetailMurabah" finished-at="2019-04-02T08:00:50Z">
          <exception class="org.openqa.selenium.TimeoutException">
            <message>
              <![CDATA[Expected condition failed: waiting for element to be clickable: Proxy element for: DefaultElementLocator 'By.cssSelector: #Body1 > div:nth-child(5)' (tried for 30 second(s) with 500 milliseconds interval)]]>
            </message>
            <full-stacktrace>
              <![CDATA[org.openqa.selenium.TimeoutException: Expected condition failed: waiting for element to be clickable: Proxy element for: DefaultElementLocator 'By.cssSelector: #Body1 > div:nth-child(5)' (tried for 30 second(s) with 500 milliseconds interval)
at org.openqa.selenium.support.ui.WebDriverWait.timeoutException(WebDriverWait.java:95)
at org.openqa.selenium.support.ui.FluentWait.until(FluentWait.java:272)
at Pages.PageBase.waitForElement(PageBase.java:130)
at Pages.RetailMurabahaPage.CheckRequestApproval(RetailMurabahaPage.java:560)
at tests.RetailMurabahaTestCRUD.CheckInsertAllMandatoryFieldsA(RetailMurabahaTestCRUD.java:101)
at sun.reflect.NativeMethodAccessorImpl.invoke0(Native Method)
at sun.reflect.NativeMethodAccessorImpl.invoke(Unknown Source)
at sun.reflect.DelegatingMethodAccessorImpl.invoke(Unknown Source)
at java.lang.reflect.Method.invoke(Unknown Source)
at org.testng.internal.MethodInvocationHelper.invokeMethod(MethodInvocationHelper.java:124)
at org.testng.internal.Invoker.invokeMethod(Invoker.java:583)
at org.testng.internal.Invoker.invokeTestMethod(Invoker.java:719)
at org.testng.internal.Invoker.invokeTestMethods(Invoker.java:989)
at org.testng.internal.TestMethodWorker.invokeTestMethods(TestMethodWorker.java:125)
at org.testng.internal.TestMethodWorker.run(TestMethodWorker.java:109)
at org.testng.TestRunner.privateRun(TestRunner.java:648)
at org.testng.TestRunner.run(TestRunner.java:505)
at org.testng.SuiteRunner.runTest(SuiteRunner.java:455)
at org.testng.SuiteRunner.runSequentially(SuiteRunner.java:450)
at org.testng.SuiteRunner.privateRun(SuiteRunner.java:415)
at org.testng.SuiteRunner.run(SuiteRunner.java:364)
at org.testng.SuiteRunnerWorker.runSuite(SuiteRunnerWorker.java:52)
at org.testng.SuiteRunnerWorker.run(SuiteRunnerWorker.java:84)
at org.testng.TestNG.runSuitesSequentially(TestNG.java:1208)
at org.testng.TestNG.runSuitesLocally(TestNG.java:1137)
at org.testng.TestNG.runSuites(TestNG.java:1049)
at org.testng.TestNG.run(TestNG.java:1017)
at org.testng.remote.AbstractRemoteTestNG.run(AbstractRemoteTestNG.java:114)
at org.testng.remote.RemoteTestNG.initAndRun(RemoteTestNG.java:251)
at org.testng.remote.RemoteTestNG.main(RemoteTestNG.java:77)
Caused by: org.openqa.selenium.NoSuchElementException: no such element: Unable to locate element: {"method":"css selector","selector":"#Body1 > div:nth-child(5)"}
  (Session info: chrome=73.0.3683.86)
  (Driver info: chromedriver=71.0.3578.33 (269aa0e3f0db08097f0fe231c7e6be200b6939f7),platform=Windows NT 10.0.16299 x86_64) (WARNING: The server did not provide any stacktrace information)
Command duration or timeout: 0 milliseconds
For documentation on this error, please visit: https://www.seleniumhq.org/exceptions/no_such_element.html
Build info: version: '3.141.59', revision: 'e82be7d358', time: '2018-11-14T08:17:03'
System info: host: 'EGDM1-MEMAD', ip: '192.168.113.61', os.name: 'Windows 10', os.arch: 'amd64', os.version: '10.0', java.version: '1.8.0_202'
Driver info: org.openqa.selenium.chrome.ChromeDriver
Capabilities {acceptInsecureCerts: false, acceptSslCerts: false, applicationCacheEnabled: false, browserConnectionEnabled: false, browserName: chrome, chrome: {chromedriverVersion: 71.0.3578.33 (269aa0e3f0db0..., userDataDir: C:\Users\MOHAME~1.EMA\AppDa...}, cssSelectorsEnabled: true, databaseEnabled: false, goog:chromeOptions: {debuggerAddress: localhost:2353}, handlesAlerts: true, hasTouchScreen: false, javascriptEnabled: true, locationContextEnabled: true, mobileEmulationEnabled: false, nativeEvents: true, networkConnectionEnabled: false, pageLoadStrategy: normal, platform: XP, platformName: XP, rotatable: false, setWindowRect: true, takesHeapSnapshot: true, takesScreenshot: true, unexpectedAlertBehaviour: , unhandledPromptBehavior: , version: 73.0.3683.86, webStorageEnabled: true}
Session ID: 67df001c865124c8a3a06e3e04496361
*** Element info: {Using=css selector, value=#Body1 > div:nth-child(5)}
at sun.reflect.NativeConstructorAccessorImpl.newInstance0(Native Method)
at sun.reflect.NativeConstructorAccessorImpl.newInstance(Unknown Source)
at sun.reflect.DelegatingConstructorAccessorImpl.newInstance(Unknown Source)
at java.lang.reflect.Constructor.newInstance(Unknown Source)
at org.openqa.selenium.remote.ErrorHandler.createThrowable(ErrorHandler.java:214)
at org.openqa.selenium.remote.ErrorHandler.throwIfResponseFailed(ErrorHandler.java:166)
at org.openqa.selenium.remote.http.JsonHttpResponseCodec.reconstructValue(JsonHttpResponseCodec.java:40)
at org.openqa.selenium.remote.http.AbstractHttpResponseCodec.decode(AbstractHttpResponseCodec.java:80)
at org.openqa.selenium.remote.http.AbstractHttpResponseCodec.decode(AbstractHttpResponseCodec.java:44)
at org.openqa.selenium.remote.HttpCommandExecutor.execute(HttpCommandExecutor.java:158)
at org.openqa.selenium.remote.service.DriverCommandExecutor.execute(DriverCommandExecutor.java:83)
at org.openqa.selenium.remote.RemoteWebDriver.execute(RemoteWebDriver.java:552)
at org.openqa.selenium.remote.RemoteWebDriver.findElement(RemoteWebDriver.java:323)
at org.openqa.selenium.remote.RemoteWebDriver.findElementByCssSelector(RemoteWebDriver.java:420)
at org.openqa.selenium.By$ByCssSelector.findElement(By.java:431)
at org.openqa.selenium.remote.RemoteWebDriver.findElement(RemoteWebDriver.java:315)
at org.openqa.selenium.support.pagefactory.DefaultElementLocator.findElement(DefaultElementLocator.java:69)
at org.openqa.selenium.support.pagefactory.internal.LocatingElementHandler.invoke(LocatingElementHandler.java:38)
at com.sun.proxy.$Proxy12.isDisplayed(Unknown Source)
at org.openqa.selenium.support.ui.ExpectedConditions.elementIfVisible(ExpectedConditions.java:314)
at org.openqa.selenium.support.ui.ExpectedConditions.access$000(ExpectedConditions.java:43)
at org.openqa.selenium.support.ui.ExpectedConditions$10.apply(ExpectedConditions.java:300)
at org.openqa.selenium.support.ui.ExpectedConditions$10.apply(ExpectedConditions.java:297)
at org.openqa.selenium.support.ui.ExpectedConditions$23.apply(ExpectedConditions.java:670)
at org.openqa.selenium.support.ui.ExpectedConditions$23.apply(ExpectedConditions.java:666)
at org.openqa.selenium.support.ui.FluentWait.until(FluentWait.java:249)
... 28 more
]]>
            </full-stacktrace>
          </exception> <!-- org.openqa.selenium.TimeoutException -->
          <reporter-output>
          </reporter-output>
        </test-method> <!-- CheckInsertAllMandatoryFieldsA -->
        <test-method status="PASS" signature="takeScreenshots(org.testng.ITestResult)[pri:0, instance:tests.RetailMurabahaTestCRUD@42d80b78]" name="takeScreenshots" is-config="true" duration-ms="302" started-at="2019-04-02T08:00:50Z" finished-at="2019-04-02T08:00:50Z">
          <params>
            <param index="0">
              <value>
                <![CDATA[[TestResult name=CheckInsertAllMandatoryFieldsA status=FAILURE method=RetailMurabahaTestCRUD.CheckInsertAllMandatoryFieldsA()[pri:0, instance:tests.RetailMurabahaTestCRUD@42d80b78] output={null}]]]>
              </value>
            </param>
          </params>
          <reporter-output>
          </reporter-output>
        </test-method> <!-- takeScreenshots -->
        <test-method status="PASS" signature="stopDriver()[pri:0, instance:tests.RetailMurabahaTestCRUD@42d80b78]" name="stopDriver" is-config="true" duration-ms="0" started-at="2019-04-02T08:00:50Z" finished-at="2019-04-02T08:00:50Z">
          <reporter-output>
          </reporter-output>
        </test-method> <!-- stopDriver -->
      </class> <!-- tests.RetailMurabahaTestCRUD -->
    </test> <!-- Default test -->
  </suite> <!-- Default suite -->
</testng-results>
