<?xml version="1.0" encoding="UTF-8"?>
<testng-results skipped="0" failed="1" ignored="0" total="2" passed="1">
  <reporter-output>
  </reporter-output>
  <suite name="Default suite" duration-ms="24939" started-at="2019-03-19T12:18:48Z" finished-at="2019-03-19T12:19:13Z">
    <groups>
    </groups>
    <test name="Default test" duration-ms="24939" started-at="2019-03-19T12:18:48Z" finished-at="2019-03-19T12:19:13Z">
      <class name="tests.ProductSetupTest">
        <test-method status="PASS" signature="startDriver(java.lang.String)[pri:0, instance:tests.ProductSetupTest@5e3a8624]" name="startDriver" is-config="true" duration-ms="4739" started-at="2019-03-19T12:18:43Z" finished-at="2019-03-19T12:18:48Z">
          <params>
            <param index="0">
              <value>
                <![CDATA[chrome]]>
              </value>
            </param>
          </params>
          <reporter-output>
          </reporter-output>
        </test-method> <!-- startDriver -->
        <test-method status="PASS" signature="CheckLogin()[pri:1, instance:tests.ProductSetupTest@5e3a8624]" name="CheckLogin" duration-ms="336" started-at="2019-03-19T12:18:48Z" finished-at="2019-03-19T12:18:48Z">
          <reporter-output>
          </reporter-output>
        </test-method> <!-- CheckLogin -->
        <test-method status="PASS" signature="takeScreenshots(org.testng.ITestResult)[pri:0, instance:tests.ProductSetupTest@5e3a8624]" name="takeScreenshots" is-config="true" duration-ms="1314" started-at="2019-03-19T12:18:48Z" finished-at="2019-03-19T12:18:49Z">
          <params>
            <param index="0">
              <value>
                <![CDATA[[TestResult name=CheckLogin status=SUCCESS method=ProductSetupTest.CheckLogin()[pri:1, instance:tests.ProductSetupTest@5e3a8624] output={null}]]]>
              </value>
            </param>
          </params>
          <reporter-output>
          </reporter-output>
        </test-method> <!-- takeScreenshots -->
        <test-method status="FAIL" signature="SaveProductSetup()[pri:0, instance:tests.ProductSetupTest@5e3a8624]" name="SaveProductSetup" duration-ms="22930" started-at="2019-03-19T12:18:49Z" depends-on-methods="tests.ProductSetupTest.CheckLogin" finished-at="2019-03-19T12:19:12Z">
          <exception class="org.openqa.selenium.WebDriverException">
            <message>
              <![CDATA[unknown error: Element <img src="../images/lov.gif" onclick="openLOV('V1TC_V0TP1_REPT_DESCRIPTION1','FIN_REPAYMENT_PLAN_TEMPLATES','REPT_DESCRIPTION1','False','Repayment Template',150082)" lovimg="REPT_DESCRIPTION1" id="REPT_DESCRIPTION1_lovImage" relatedfield="V1TC_V0TP1_REPT_DESCRIPTION1" title="Repayment Template" style="cursor: pointer;"> is not clickable at point (412, 386). Other element would receive the click: <iframe id="parentModuleID150082" style="border: 0px;overflow:hidden;" src="..\Administration\ListOfValues.aspx?ModuleID=150082&amp;IsLOV=true&amp;lovclientid=PCL_CODE&amp;lovname=FIN_PRODUCT_CLASS&amp;lovitemname=PCL_CODE&amp;ismultiple=false&amp;1552997952076" width="100%" height="100%"></iframe>
  (Session info: chrome=72.0.3626.121)
  (Driver info: chromedriver=71.0.3578.33 (269aa0e3f0db08097f0fe231c7e6be200b6939f7),platform=Windows NT 10.0.16299 x86_64) (WARNING: The server did not provide any stacktrace information)
Command duration or timeout: 0 milliseconds
Build info: version: '3.141.59', revision: 'e82be7d358', time: '2018-11-14T08:17:03'
System info: host: 'EGDM1-ABAIOMY', ip: '192.168.113.60', os.name: 'Windows 10', os.arch: 'amd64', os.version: '10.0', java.version: '1.8.0_151'
Driver info: org.openqa.selenium.chrome.ChromeDriver
Capabilities {acceptInsecureCerts: false, acceptSslCerts: false, applicationCacheEnabled: false, browserConnectionEnabled: false, browserName: chrome, chrome: {chromedriverVersion: 71.0.3578.33 (269aa0e3f0db0..., userDataDir: C:\Users\AMR~1.BAI\AppData\...}, cssSelectorsEnabled: true, databaseEnabled: false, goog:chromeOptions: {debuggerAddress: localhost:15031}, handlesAlerts: true, hasTouchScreen: false, javascriptEnabled: true, locationContextEnabled: true, mobileEmulationEnabled: false, nativeEvents: true, networkConnectionEnabled: false, pageLoadStrategy: normal, platform: XP, platformName: XP, rotatable: false, setWindowRect: true, takesHeapSnapshot: true, takesScreenshot: true, unexpectedAlertBehaviour: , unhandledPromptBehavior: , version: 72.0.3626.121, webStorageEnabled: true}
Session ID: 20146e82ddd504685c5182dfb3aa60ef]]>
            </message>
            <full-stacktrace>
              <![CDATA[org.openqa.selenium.WebDriverException: unknown error: Element <img src="../images/lov.gif" onclick="openLOV('V1TC_V0TP1_REPT_DESCRIPTION1','FIN_REPAYMENT_PLAN_TEMPLATES','REPT_DESCRIPTION1','False','Repayment Template',150082)" lovimg="REPT_DESCRIPTION1" id="REPT_DESCRIPTION1_lovImage" relatedfield="V1TC_V0TP1_REPT_DESCRIPTION1" title="Repayment Template" style="cursor: pointer;"> is not clickable at point (412, 386). Other element would receive the click: <iframe id="parentModuleID150082" style="border: 0px;overflow:hidden;" src="..\Administration\ListOfValues.aspx?ModuleID=150082&amp;IsLOV=true&amp;lovclientid=PCL_CODE&amp;lovname=FIN_PRODUCT_CLASS&amp;lovitemname=PCL_CODE&amp;ismultiple=false&amp;1552997952076" width="100%" height="100%"></iframe>
  (Session info: chrome=72.0.3626.121)
  (Driver info: chromedriver=71.0.3578.33 (269aa0e3f0db08097f0fe231c7e6be200b6939f7),platform=Windows NT 10.0.16299 x86_64) (WARNING: The server did not provide any stacktrace information)
Command duration or timeout: 0 milliseconds
Build info: version: '3.141.59', revision: 'e82be7d358', time: '2018-11-14T08:17:03'
System info: host: 'EGDM1-ABAIOMY', ip: '192.168.113.60', os.name: 'Windows 10', os.arch: 'amd64', os.version: '10.0', java.version: '1.8.0_151'
Driver info: org.openqa.selenium.chrome.ChromeDriver
Capabilities {acceptInsecureCerts: false, acceptSslCerts: false, applicationCacheEnabled: false, browserConnectionEnabled: false, browserName: chrome, chrome: {chromedriverVersion: 71.0.3578.33 (269aa0e3f0db0..., userDataDir: C:\Users\AMR~1.BAI\AppData\...}, cssSelectorsEnabled: true, databaseEnabled: false, goog:chromeOptions: {debuggerAddress: localhost:15031}, handlesAlerts: true, hasTouchScreen: false, javascriptEnabled: true, locationContextEnabled: true, mobileEmulationEnabled: false, nativeEvents: true, networkConnectionEnabled: false, pageLoadStrategy: normal, platform: XP, platformName: XP, rotatable: false, setWindowRect: true, takesHeapSnapshot: true, takesScreenshot: true, unexpectedAlertBehaviour: , unhandledPromptBehavior: , version: 72.0.3626.121, webStorageEnabled: true}
Session ID: 20146e82ddd504685c5182dfb3aa60ef
at sun.reflect.NativeConstructorAccessorImpl.newInstance0(Native Method)
at sun.reflect.NativeConstructorAccessorImpl.newInstance(NativeConstructorAccessorImpl.java:62)
at sun.reflect.DelegatingConstructorAccessorImpl.newInstance(DelegatingConstructorAccessorImpl.java:45)
at java.lang.reflect.Constructor.newInstance(Constructor.java:423)
at org.openqa.selenium.remote.ErrorHandler.createThrowable(ErrorHandler.java:214)
at org.openqa.selenium.remote.ErrorHandler.throwIfResponseFailed(ErrorHandler.java:166)
at org.openqa.selenium.remote.http.JsonHttpResponseCodec.reconstructValue(JsonHttpResponseCodec.java:40)
at org.openqa.selenium.remote.http.AbstractHttpResponseCodec.decode(AbstractHttpResponseCodec.java:80)
at org.openqa.selenium.remote.http.AbstractHttpResponseCodec.decode(AbstractHttpResponseCodec.java:44)
at org.openqa.selenium.remote.HttpCommandExecutor.execute(HttpCommandExecutor.java:158)
at org.openqa.selenium.remote.service.DriverCommandExecutor.execute(DriverCommandExecutor.java:83)
at org.openqa.selenium.remote.RemoteWebDriver.execute(RemoteWebDriver.java:552)
at org.openqa.selenium.remote.RemoteWebElement.execute(RemoteWebElement.java:285)
at org.openqa.selenium.remote.RemoteWebElement.click(RemoteWebElement.java:84)
at sun.reflect.NativeMethodAccessorImpl.invoke0(Native Method)
at sun.reflect.NativeMethodAccessorImpl.invoke(NativeMethodAccessorImpl.java:62)
at sun.reflect.DelegatingMethodAccessorImpl.invoke(DelegatingMethodAccessorImpl.java:43)
at java.lang.reflect.Method.invoke(Method.java:498)
at org.openqa.selenium.support.pagefactory.internal.LocatingElementHandler.invoke(LocatingElementHandler.java:51)
at com.sun.proxy.$Proxy12.click(Unknown Source)
at Pages.PageBase.clickButton(PageBase.java:50)
at Pages.ProductSetupPage.ProductSetupModule(ProductSetupPage.java:86)
at tests.ProductSetupTest.SaveProductSetup(ProductSetupTest.java:38)
at sun.reflect.NativeMethodAccessorImpl.invoke0(Native Method)
at sun.reflect.NativeMethodAccessorImpl.invoke(NativeMethodAccessorImpl.java:62)
at sun.reflect.DelegatingMethodAccessorImpl.invoke(DelegatingMethodAccessorImpl.java:43)
at java.lang.reflect.Method.invoke(Method.java:498)
at org.testng.internal.MethodInvocationHelper.invokeMethod(MethodInvocationHelper.java:124)
at org.testng.internal.Invoker.invokeMethod(Invoker.java:583)
at org.testng.internal.Invoker.invokeTestMethod(Invoker.java:719)
at org.testng.internal.Invoker.invokeTestMethods(Invoker.java:989)
at org.testng.internal.TestMethodWorker.invokeTestMethods(TestMethodWorker.java:125)
at org.testng.internal.TestMethodWorker.run(TestMethodWorker.java:109)
at org.testng.TestRunner.privateRun(TestRunner.java:648)
at org.testng.TestRunner.run(TestRunner.java:505)
at org.testng.SuiteRunner.runTest(SuiteRunner.java:455)
at org.testng.SuiteRunner.runSequentially(SuiteRunner.java:450)
at org.testng.SuiteRunner.privateRun(SuiteRunner.java:415)
at org.testng.SuiteRunner.run(SuiteRunner.java:364)
at org.testng.SuiteRunnerWorker.runSuite(SuiteRunnerWorker.java:52)
at org.testng.SuiteRunnerWorker.run(SuiteRunnerWorker.java:84)
at org.testng.TestNG.runSuitesSequentially(TestNG.java:1208)
at org.testng.TestNG.runSuitesLocally(TestNG.java:1137)
at org.testng.TestNG.runSuites(TestNG.java:1049)
at org.testng.TestNG.run(TestNG.java:1017)
at org.testng.remote.AbstractRemoteTestNG.run(AbstractRemoteTestNG.java:114)
at org.testng.remote.RemoteTestNG.initAndRun(RemoteTestNG.java:251)
at org.testng.remote.RemoteTestNG.main(RemoteTestNG.java:77)
]]>
            </full-stacktrace>
          </exception> <!-- org.openqa.selenium.WebDriverException -->
          <reporter-output>
          </reporter-output>
        </test-method> <!-- SaveProductSetup -->
        <test-method status="PASS" signature="takeScreenshots(org.testng.ITestResult)[pri:0, instance:tests.ProductSetupTest@5e3a8624]" name="takeScreenshots" is-config="true" duration-ms="341" started-at="2019-03-19T12:19:12Z" finished-at="2019-03-19T12:19:13Z">
          <params>
            <param index="0">
              <value>
                <![CDATA[[TestResult name=SaveProductSetup status=FAILURE method=ProductSetupTest.SaveProductSetup()[pri:0, instance:tests.ProductSetupTest@5e3a8624] output={null}]]]>
              </value>
            </param>
          </params>
          <reporter-output>
          </reporter-output>
        </test-method> <!-- takeScreenshots -->
        <test-method status="PASS" signature="stopDriver()[pri:0, instance:tests.ProductSetupTest@5e3a8624]" name="stopDriver" is-config="true" duration-ms="728" started-at="2019-03-19T12:19:13Z" finished-at="2019-03-19T12:19:14Z">
          <reporter-output>
          </reporter-output>
        </test-method> <!-- stopDriver -->
      </class> <!-- tests.ProductSetupTest -->
    </test> <!-- Default test -->
  </suite> <!-- Default suite -->
</testng-results>
