<?xml version="1.0" encoding="UTF-8"?>
<testng-results skipped="5" failed="1" ignored="2" total="9" passed="1">
  <reporter-output>
  </reporter-output>
  <suite name="testSuite" duration-ms="32341" started-at="2019-03-25T14:51:05Z" finished-at="2019-03-25T14:51:37Z">
    <groups>
      <group name="RetailMurabahaTest">
        <method signature="RetailMurabahaTest.CheckOpenRetailMurabah()[pri:0, instance:tests.RetailMurabahaTest@6a41eaa2]" name="CheckOpenRetailMurabah" class="tests.RetailMurabahaTest"/>
        <method signature="RetailMurabahaTest.CheckInsertAllMandatoryFields()[pri:0, instance:tests.RetailMurabahaTest@6a41eaa2]" name="CheckInsertAllMandatoryFields" class="tests.RetailMurabahaTest"/>
        <method signature="RetailMurabahaTest.CheckSaveRetailMurabaha()[pri:0, instance:tests.RetailMurabahaTest@6a41eaa2]" name="CheckSaveRetailMurabaha" class="tests.RetailMurabahaTest"/>
      </group> <!-- RetailMurabahaTest -->
      <group name="ProductSetupTest">
        <method signature="ProductSetupTest.CheckLogin()[pri:0, instance:tests.ProductSetupTest@685cb137]" name="CheckLogin" class="tests.ProductSetupTest"/>
        <method signature="ProductSetupTest.FillData()[pri:0, instance:tests.ProductSetupTest@685cb137]" name="FillData" class="tests.ProductSetupTest"/>
        <method signature="ProductSetupTest.SaveProductSetup()[pri:0, instance:tests.ProductSetupTest@685cb137]" name="SaveProductSetup" class="tests.ProductSetupTest"/>
        <method signature="ProductSetupTest.PostButton()[pri:0, instance:tests.ProductSetupTest@685cb137]" name="PostButton" class="tests.ProductSetupTest"/>
      </group> <!-- ProductSetupTest -->
    </groups>
    <test name="MytestCase" duration-ms="32341" started-at="2019-03-25T14:51:05Z" finished-at="2019-03-25T14:51:37Z">
      <class name="tests.ProductSetupTest">
        <test-method status="PASS" signature="startDriver(java.lang.String)[pri:0, instance:tests.ProductSetupTest@685cb137]" name="startDriver" is-config="true" duration-ms="5998" started-at="2019-03-25T14:50:59Z" finished-at="2019-03-25T14:51:05Z">
          <params>
            <param index="0">
              <value>
                <![CDATA[chrome]]>
              </value>
            </param>
          </params>
          <reporter-output>
          </reporter-output>
        </test-method> <!-- startDriver -->
        <test-method status="PASS" signature="CheckLogin()[pri:0, instance:tests.ProductSetupTest@685cb137]" name="CheckLogin" duration-ms="319" started-at="2019-03-25T14:51:05Z" finished-at="2019-03-25T14:51:05Z">
          <reporter-output>
          </reporter-output>
        </test-method> <!-- CheckLogin -->
        <test-method status="PASS" signature="takeScreenshots(org.testng.ITestResult)[pri:0, instance:tests.ProductSetupTest@685cb137]" name="takeScreenshots" is-config="true" duration-ms="7357" started-at="2019-03-25T14:51:05Z" finished-at="2019-03-25T14:51:12Z">
          <params>
            <param index="0">
              <value>
                <![CDATA[[TestResult name=CheckLogin status=SUCCESS method=ProductSetupTest.CheckLogin()[pri:0, instance:tests.ProductSetupTest@685cb137] output={null}]]]>
              </value>
            </param>
          </params>
          <reporter-output>
          </reporter-output>
        </test-method> <!-- takeScreenshots -->
        <test-method status="FAIL" signature="FillData()[pri:0, instance:tests.ProductSetupTest@685cb137]" name="FillData" duration-ms="24313" started-at="2019-03-25T14:51:12Z" depends-on-methods="tests.ProductSetupTest.CheckLogin" finished-at="2019-03-25T14:51:37Z">
          <exception class="org.openqa.selenium.WebDriverException">
            <message>
              <![CDATA[unknown error: Element <iframe id="frame_150082" src="FIN_FIN_PRO_SETUP_FE_VW/SelectEditFIN_FIN_PRO_SETUP_FE_VW.aspx?ModuleID=150082" class="cuteFrame" style="background: #fff ;overflow:hidden;overflow-x:hidden;overflow-y:hidden;height:100%;width:100%;position:absolute;top:0px;left:0px;right:0px;bottom:0px" height="100%" width="100%" cd_frame_id_="e9a6dfb5f06b5990541ebf91942b0113"></iframe> is not clickable at point (497, 275). Other element would receive the click: <div class="lobibox-backdrop"></div>
  (Session info: chrome=73.0.3683.86)
  (Driver info: chromedriver=71.0.3578.33 (269aa0e3f0db08097f0fe231c7e6be200b6939f7),platform=Windows NT 10.0.16299 x86_64) (WARNING: The server did not provide any stacktrace information)
Command duration or timeout: 0 milliseconds
Build info: version: '3.141.59', revision: 'e82be7d358', time: '2018-11-14T08:17:03'
System info: host: 'EGDM1-ABAIOMY', ip: '192.168.113.60', os.name: 'Windows 10', os.arch: 'amd64', os.version: '10.0', java.version: '1.8.0_151'
Driver info: org.openqa.selenium.chrome.ChromeDriver
Capabilities {acceptInsecureCerts: false, acceptSslCerts: false, applicationCacheEnabled: false, browserConnectionEnabled: false, browserName: chrome, chrome: {chromedriverVersion: 71.0.3578.33 (269aa0e3f0db0..., userDataDir: C:\Users\AMR~1.BAI\AppData\...}, cssSelectorsEnabled: true, databaseEnabled: false, goog:chromeOptions: {debuggerAddress: localhost:5263}, handlesAlerts: true, hasTouchScreen: false, javascriptEnabled: true, locationContextEnabled: true, mobileEmulationEnabled: false, nativeEvents: true, networkConnectionEnabled: false, pageLoadStrategy: normal, platform: XP, platformName: XP, rotatable: false, setWindowRect: true, takesHeapSnapshot: true, takesScreenshot: true, unexpectedAlertBehaviour: , unhandledPromptBehavior: , version: 73.0.3683.86, webStorageEnabled: true}
Session ID: 3fe80311cc505698ba2a62d3645c6582]]>
            </message>
            <full-stacktrace>
              <![CDATA[org.openqa.selenium.WebDriverException: unknown error: Element <iframe id="frame_150082" src="FIN_FIN_PRO_SETUP_FE_VW/SelectEditFIN_FIN_PRO_SETUP_FE_VW.aspx?ModuleID=150082" class="cuteFrame" style="background: #fff ;overflow:hidden;overflow-x:hidden;overflow-y:hidden;height:100%;width:100%;position:absolute;top:0px;left:0px;right:0px;bottom:0px" height="100%" width="100%" cd_frame_id_="e9a6dfb5f06b5990541ebf91942b0113"></iframe> is not clickable at point (497, 275). Other element would receive the click: <div class="lobibox-backdrop"></div>
  (Session info: chrome=73.0.3683.86)
  (Driver info: chromedriver=71.0.3578.33 (269aa0e3f0db08097f0fe231c7e6be200b6939f7),platform=Windows NT 10.0.16299 x86_64) (WARNING: The server did not provide any stacktrace information)
Command duration or timeout: 0 milliseconds
Build info: version: '3.141.59', revision: 'e82be7d358', time: '2018-11-14T08:17:03'
System info: host: 'EGDM1-ABAIOMY', ip: '192.168.113.60', os.name: 'Windows 10', os.arch: 'amd64', os.version: '10.0', java.version: '1.8.0_151'
Driver info: org.openqa.selenium.chrome.ChromeDriver
Capabilities {acceptInsecureCerts: false, acceptSslCerts: false, applicationCacheEnabled: false, browserConnectionEnabled: false, browserName: chrome, chrome: {chromedriverVersion: 71.0.3578.33 (269aa0e3f0db0..., userDataDir: C:\Users\AMR~1.BAI\AppData\...}, cssSelectorsEnabled: true, databaseEnabled: false, goog:chromeOptions: {debuggerAddress: localhost:5263}, handlesAlerts: true, hasTouchScreen: false, javascriptEnabled: true, locationContextEnabled: true, mobileEmulationEnabled: false, nativeEvents: true, networkConnectionEnabled: false, pageLoadStrategy: normal, platform: XP, platformName: XP, rotatable: false, setWindowRect: true, takesHeapSnapshot: true, takesScreenshot: true, unexpectedAlertBehaviour: , unhandledPromptBehavior: , version: 73.0.3683.86, webStorageEnabled: true}
Session ID: 3fe80311cc505698ba2a62d3645c6582
at sun.reflect.NativeConstructorAccessorImpl.newInstance0(Native Method)
at sun.reflect.NativeConstructorAccessorImpl.newInstance(NativeConstructorAccessorImpl.java:62)
at sun.reflect.DelegatingConstructorAccessorImpl.newInstance(DelegatingConstructorAccessorImpl.java:45)
at java.lang.reflect.Constructor.newInstance(Constructor.java:423)
at org.openqa.selenium.remote.ErrorHandler.createThrowable(ErrorHandler.java:214)
at org.openqa.selenium.remote.ErrorHandler.throwIfResponseFailed(ErrorHandler.java:166)
at org.openqa.selenium.remote.http.JsonHttpResponseCodec.reconstructValue(JsonHttpResponseCodec.java:40)
at org.openqa.selenium.remote.http.AbstractHttpResponseCodec.decode(AbstractHttpResponseCodec.java:80)
at org.openqa.selenium.remote.http.AbstractHttpResponseCodec.decode(AbstractHttpResponseCodec.java:44)
at org.openqa.selenium.remote.HttpCommandExecutor.execute(HttpCommandExecutor.java:158)
at org.openqa.selenium.remote.service.DriverCommandExecutor.execute(DriverCommandExecutor.java:83)
at org.openqa.selenium.remote.RemoteWebDriver.execute(RemoteWebDriver.java:552)
at org.openqa.selenium.remote.RemoteWebElement.execute(RemoteWebElement.java:285)
at org.openqa.selenium.remote.RemoteWebElement.click(RemoteWebElement.java:84)
at sun.reflect.NativeMethodAccessorImpl.invoke0(Native Method)
at sun.reflect.NativeMethodAccessorImpl.invoke(NativeMethodAccessorImpl.java:62)
at sun.reflect.DelegatingMethodAccessorImpl.invoke(DelegatingMethodAccessorImpl.java:43)
at java.lang.reflect.Method.invoke(Method.java:498)
at org.openqa.selenium.support.pagefactory.internal.LocatingElementHandler.invoke(LocatingElementHandler.java:51)
at com.sun.proxy.$Proxy12.click(Unknown Source)
at Pages.PageBase.clickButton(PageBase.java:50)
at Pages.ProductSetupPage.ProductSetupModule(ProductSetupPage.java:142)
at tests.ProductSetupTest.FillData(ProductSetupTest.java:54)
at sun.reflect.NativeMethodAccessorImpl.invoke0(Native Method)
at sun.reflect.NativeMethodAccessorImpl.invoke(NativeMethodAccessorImpl.java:62)
at sun.reflect.DelegatingMethodAccessorImpl.invoke(DelegatingMethodAccessorImpl.java:43)
at java.lang.reflect.Method.invoke(Method.java:498)
at org.testng.internal.MethodInvocationHelper.invokeMethod(MethodInvocationHelper.java:124)
at org.testng.internal.Invoker.invokeMethod(Invoker.java:583)
at org.testng.internal.Invoker.invokeTestMethod(Invoker.java:719)
at org.testng.internal.Invoker.invokeTestMethods(Invoker.java:989)
at org.testng.internal.TestMethodWorker.invokeTestMethods(TestMethodWorker.java:125)
at org.testng.internal.TestMethodWorker.run(TestMethodWorker.java:109)
at org.testng.TestRunner.privateRun(TestRunner.java:648)
at org.testng.TestRunner.run(TestRunner.java:505)
at org.testng.SuiteRunner.runTest(SuiteRunner.java:455)
at org.testng.SuiteRunner.access$000(SuiteRunner.java:40)
at org.testng.SuiteRunner$SuiteWorker.run(SuiteRunner.java:489)
at org.testng.internal.thread.ThreadUtil$1.call(ThreadUtil.java:52)
at java.util.concurrent.FutureTask.run(FutureTask.java:266)
at java.util.concurrent.ThreadPoolExecutor.runWorker(ThreadPoolExecutor.java:1149)
at java.util.concurrent.ThreadPoolExecutor$Worker.run(ThreadPoolExecutor.java:624)
at java.lang.Thread.run(Thread.java:748)
]]>
            </full-stacktrace>
          </exception> <!-- org.openqa.selenium.WebDriverException -->
          <reporter-output>
          </reporter-output>
        </test-method> <!-- FillData -->
        <test-method status="PASS" signature="takeScreenshots(org.testng.ITestResult)[pri:0, instance:tests.ProductSetupTest@685cb137]" name="takeScreenshots" is-config="true" duration-ms="325" started-at="2019-03-25T14:51:37Z" finished-at="2019-03-25T14:51:37Z">
          <params>
            <param index="0">
              <value>
                <![CDATA[[TestResult name=FillData status=FAILURE method=ProductSetupTest.FillData()[pri:0, instance:tests.ProductSetupTest@685cb137] output={null}]]]>
              </value>
            </param>
          </params>
          <reporter-output>
          </reporter-output>
        </test-method> <!-- takeScreenshots -->
        <test-method status="SKIP" signature="SaveProductSetup()[pri:0, instance:tests.ProductSetupTest@685cb137]" name="SaveProductSetup" duration-ms="0" started-at="2019-03-25T14:51:37Z" depends-on-methods="tests.ProductSetupTest.FillData" finished-at="2019-03-25T14:51:37Z">
          <exception class="java.lang.Throwable">
            <message>
              <![CDATA[Method ProductSetupTest.SaveProductSetup()[pri:0, instance:tests.ProductSetupTest@685cb137] depends on not successfully finished methods]]>
            </message>
            <full-stacktrace>
              <![CDATA[java.lang.Throwable: Method ProductSetupTest.SaveProductSetup()[pri:0, instance:tests.ProductSetupTest@685cb137] depends on not successfully finished methods
at org.testng.internal.Invoker.invokeTestMethods(Invoker.java:888)
at org.testng.internal.TestMethodWorker.invokeTestMethods(TestMethodWorker.java:125)
at org.testng.internal.TestMethodWorker.run(TestMethodWorker.java:109)
at org.testng.TestRunner.privateRun(TestRunner.java:648)
at org.testng.TestRunner.run(TestRunner.java:505)
at org.testng.SuiteRunner.runTest(SuiteRunner.java:455)
at org.testng.SuiteRunner.access$000(SuiteRunner.java:40)
at org.testng.SuiteRunner$SuiteWorker.run(SuiteRunner.java:489)
at org.testng.internal.thread.ThreadUtil$1.call(ThreadUtil.java:52)
at java.util.concurrent.FutureTask.run(FutureTask.java:266)
at java.util.concurrent.ThreadPoolExecutor.runWorker(ThreadPoolExecutor.java:1149)
at java.util.concurrent.ThreadPoolExecutor$Worker.run(ThreadPoolExecutor.java:624)
at java.lang.Thread.run(Thread.java:748)
]]>
            </full-stacktrace>
          </exception> <!-- java.lang.Throwable -->
          <reporter-output>
          </reporter-output>
        </test-method> <!-- SaveProductSetup -->
        <test-method status="SKIP" signature="PostButton()[pri:0, instance:tests.ProductSetupTest@685cb137]" name="PostButton" duration-ms="0" started-at="2019-03-25T14:51:37Z" depends-on-methods="tests.ProductSetupTest.SaveProductSetup" finished-at="2019-03-25T14:51:37Z">
          <exception class="java.lang.Throwable">
            <message>
              <![CDATA[Method ProductSetupTest.PostButton()[pri:0, instance:tests.ProductSetupTest@685cb137] depends on not successfully finished methods]]>
            </message>
            <full-stacktrace>
              <![CDATA[java.lang.Throwable: Method ProductSetupTest.PostButton()[pri:0, instance:tests.ProductSetupTest@685cb137] depends on not successfully finished methods
at org.testng.internal.Invoker.invokeTestMethods(Invoker.java:888)
at org.testng.internal.TestMethodWorker.invokeTestMethods(TestMethodWorker.java:125)
at org.testng.internal.TestMethodWorker.run(TestMethodWorker.java:109)
at org.testng.TestRunner.privateRun(TestRunner.java:648)
at org.testng.TestRunner.run(TestRunner.java:505)
at org.testng.SuiteRunner.runTest(SuiteRunner.java:455)
at org.testng.SuiteRunner.access$000(SuiteRunner.java:40)
at org.testng.SuiteRunner$SuiteWorker.run(SuiteRunner.java:489)
at org.testng.internal.thread.ThreadUtil$1.call(ThreadUtil.java:52)
at java.util.concurrent.FutureTask.run(FutureTask.java:266)
at java.util.concurrent.ThreadPoolExecutor.runWorker(ThreadPoolExecutor.java:1149)
at java.util.concurrent.ThreadPoolExecutor$Worker.run(ThreadPoolExecutor.java:624)
at java.lang.Thread.run(Thread.java:748)
]]>
            </full-stacktrace>
          </exception> <!-- java.lang.Throwable -->
          <reporter-output>
          </reporter-output>
        </test-method> <!-- PostButton -->
        <test-method status="PASS" signature="stopDriver()[pri:0, instance:tests.ProductSetupTest@685cb137]" name="stopDriver" is-config="true" duration-ms="0" started-at="2019-03-25T14:51:37Z" finished-at="2019-03-25T14:51:37Z">
          <reporter-output>
          </reporter-output>
        </test-method> <!-- stopDriver -->
      </class> <!-- tests.ProductSetupTest -->
      <class name="tests.RetailMurabahaTest">
        <test-method status="SKIP" signature="CheckOpenRetailMurabah()[pri:0, instance:tests.RetailMurabahaTest@6a41eaa2]" name="CheckOpenRetailMurabah" duration-ms="0" depends-on-groups="ProductSetupTest" started-at="2019-03-25T14:51:37Z" finished-at="2019-03-25T14:51:37Z">
          <exception class="java.lang.Throwable">
            <message>
              <![CDATA[Method RetailMurabahaTest.CheckOpenRetailMurabah()[pri:0, instance:tests.RetailMurabahaTest@6a41eaa2] depends on not successfully finished methods in group "ProductSetupTest"]]>
            </message>
            <full-stacktrace>
              <![CDATA[java.lang.Throwable: Method RetailMurabahaTest.CheckOpenRetailMurabah()[pri:0, instance:tests.RetailMurabahaTest@6a41eaa2] depends on not successfully finished methods in group "ProductSetupTest"
at org.testng.internal.Invoker.invokeTestMethods(Invoker.java:888)
at org.testng.internal.TestMethodWorker.invokeTestMethods(TestMethodWorker.java:125)
at org.testng.internal.TestMethodWorker.run(TestMethodWorker.java:109)
at org.testng.TestRunner.privateRun(TestRunner.java:648)
at org.testng.TestRunner.run(TestRunner.java:505)
at org.testng.SuiteRunner.runTest(SuiteRunner.java:455)
at org.testng.SuiteRunner.access$000(SuiteRunner.java:40)
at org.testng.SuiteRunner$SuiteWorker.run(SuiteRunner.java:489)
at org.testng.internal.thread.ThreadUtil$1.call(ThreadUtil.java:52)
at java.util.concurrent.FutureTask.run(FutureTask.java:266)
at java.util.concurrent.ThreadPoolExecutor.runWorker(ThreadPoolExecutor.java:1149)
at java.util.concurrent.ThreadPoolExecutor$Worker.run(ThreadPoolExecutor.java:624)
at java.lang.Thread.run(Thread.java:748)
]]>
            </full-stacktrace>
          </exception> <!-- java.lang.Throwable -->
          <reporter-output>
          </reporter-output>
        </test-method> <!-- CheckOpenRetailMurabah -->
        <test-method status="SKIP" signature="CheckInsertAllMandatoryFields()[pri:0, instance:tests.RetailMurabahaTest@6a41eaa2]" name="CheckInsertAllMandatoryFields" duration-ms="0" started-at="2019-03-25T14:51:37Z" depends-on-methods="tests.RetailMurabahaTest.CheckOpenRetailMurabah" finished-at="2019-03-25T14:51:37Z">
          <exception class="java.lang.Throwable">
            <message>
              <![CDATA[Method RetailMurabahaTest.CheckInsertAllMandatoryFields()[pri:0, instance:tests.RetailMurabahaTest@6a41eaa2] depends on not successfully finished methods]]>
            </message>
            <full-stacktrace>
              <![CDATA[java.lang.Throwable: Method RetailMurabahaTest.CheckInsertAllMandatoryFields()[pri:0, instance:tests.RetailMurabahaTest@6a41eaa2] depends on not successfully finished methods
at org.testng.internal.Invoker.invokeTestMethods(Invoker.java:888)
at org.testng.internal.TestMethodWorker.invokeTestMethods(TestMethodWorker.java:125)
at org.testng.internal.TestMethodWorker.run(TestMethodWorker.java:109)
at org.testng.TestRunner.privateRun(TestRunner.java:648)
at org.testng.TestRunner.run(TestRunner.java:505)
at org.testng.SuiteRunner.runTest(SuiteRunner.java:455)
at org.testng.SuiteRunner.access$000(SuiteRunner.java:40)
at org.testng.SuiteRunner$SuiteWorker.run(SuiteRunner.java:489)
at org.testng.internal.thread.ThreadUtil$1.call(ThreadUtil.java:52)
at java.util.concurrent.FutureTask.run(FutureTask.java:266)
at java.util.concurrent.ThreadPoolExecutor.runWorker(ThreadPoolExecutor.java:1149)
at java.util.concurrent.ThreadPoolExecutor$Worker.run(ThreadPoolExecutor.java:624)
at java.lang.Thread.run(Thread.java:748)
]]>
            </full-stacktrace>
          </exception> <!-- java.lang.Throwable -->
          <reporter-output>
          </reporter-output>
        </test-method> <!-- CheckInsertAllMandatoryFields -->
        <test-method status="SKIP" signature="CheckSaveRetailMurabaha()[pri:0, instance:tests.RetailMurabahaTest@6a41eaa2]" name="CheckSaveRetailMurabaha" duration-ms="0" started-at="2019-03-25T14:51:37Z" depends-on-methods="tests.RetailMurabahaTest.CheckInsertAllMandatoryFields" finished-at="2019-03-25T14:51:37Z">
          <exception class="java.lang.Throwable">
            <message>
              <![CDATA[Method RetailMurabahaTest.CheckSaveRetailMurabaha()[pri:0, instance:tests.RetailMurabahaTest@6a41eaa2] depends on not successfully finished methods]]>
            </message>
            <full-stacktrace>
              <![CDATA[java.lang.Throwable: Method RetailMurabahaTest.CheckSaveRetailMurabaha()[pri:0, instance:tests.RetailMurabahaTest@6a41eaa2] depends on not successfully finished methods
at org.testng.internal.Invoker.invokeTestMethods(Invoker.java:888)
at org.testng.internal.TestMethodWorker.invokeTestMethods(TestMethodWorker.java:125)
at org.testng.internal.TestMethodWorker.run(TestMethodWorker.java:109)
at org.testng.TestRunner.privateRun(TestRunner.java:648)
at org.testng.TestRunner.run(TestRunner.java:505)
at org.testng.SuiteRunner.runTest(SuiteRunner.java:455)
at org.testng.SuiteRunner.access$000(SuiteRunner.java:40)
at org.testng.SuiteRunner$SuiteWorker.run(SuiteRunner.java:489)
at org.testng.internal.thread.ThreadUtil$1.call(ThreadUtil.java:52)
at java.util.concurrent.FutureTask.run(FutureTask.java:266)
at java.util.concurrent.ThreadPoolExecutor.runWorker(ThreadPoolExecutor.java:1149)
at java.util.concurrent.ThreadPoolExecutor$Worker.run(ThreadPoolExecutor.java:624)
at java.lang.Thread.run(Thread.java:748)
]]>
            </full-stacktrace>
          </exception> <!-- java.lang.Throwable -->
          <reporter-output>
          </reporter-output>
        </test-method> <!-- CheckSaveRetailMurabaha -->
      </class> <!-- tests.RetailMurabahaTest -->
    </test> <!-- MytestCase -->
  </suite> <!-- testSuite -->
</testng-results>
