<?xml version="1.0" encoding="UTF-8"?>
<testng-results skipped="0" failed="0" ignored="2" total="11" passed="9">
  <reporter-output>
  </reporter-output>
  <suite name="testSuite" duration-ms="161554" started-at="2019-06-11T07:13:55Z" finished-at="2019-06-11T07:16:37Z">
    <groups>
      <group name="MonthlyDependOnTransaction">
        <method signature="MonthlyDependOnTransaction.CheckLogin()[pri:0, instance:tests.MonthlyDependOnTransaction@5a8e6209]" name="CheckLogin" class="tests.MonthlyDependOnTransaction"/>
        <method signature="MonthlyDependOnTransaction.OpenRepaymentPlanModule()[pri:0, instance:tests.MonthlyDependOnTransaction@5a8e6209]" name="OpenRepaymentPlanModule" class="tests.MonthlyDependOnTransaction"/>
        <method signature="MonthlyDependOnTransaction.fillRepaymentPlanMasterData()[pri:0, instance:tests.MonthlyDependOnTransaction@5a8e6209]" name="fillRepaymentPlanMasterData" class="tests.MonthlyDependOnTransaction"/>
        <method signature="MonthlyDependOnTransaction.fillRepaymentsOptionsData()[pri:0, instance:tests.MonthlyDependOnTransaction@5a8e6209]" name="fillRepaymentsOptionsData" class="tests.MonthlyDependOnTransaction"/>
        <method signature="MonthlyDependOnTransaction.fillProfitRateData()[pri:0, instance:tests.MonthlyDependOnTransaction@5a8e6209]" name="fillProfitRateData" class="tests.MonthlyDependOnTransaction"/>
        <method signature="MonthlyDependOnTransaction.fillIntervalsDataWithLastDay()[pri:0, instance:tests.MonthlyDependOnTransaction@5a8e6209]" name="fillIntervalsDataWithLastDay" class="tests.MonthlyDependOnTransaction"/>
      </group> <!-- MonthlyDependOnTransaction -->
      <group name="ProductSetupAfterRepPlan">
        <method signature="ProductSetupAfterRepPlan.FillData()[pri:0, instance:tests.ProductSetupAfterRepPlan@4b4523f8]" name="FillData" class="tests.ProductSetupAfterRepPlan"/>
        <method signature="ProductSetupAfterRepPlan.SaveProductSetup()[pri:0, instance:tests.ProductSetupAfterRepPlan@4b4523f8]" name="SaveProductSetup" class="tests.ProductSetupAfterRepPlan"/>
        <method signature="ProductSetupAfterRepPlan.PostButton()[pri:0, instance:tests.ProductSetupAfterRepPlan@4b4523f8]" name="PostButton" class="tests.ProductSetupAfterRepPlan"/>
      </group> <!-- ProductSetupAfterRepPlan -->
    </groups>
    <test name="MytestCase" duration-ms="161554" started-at="2019-06-11T07:13:55Z" finished-at="2019-06-11T07:16:37Z">
      <class name="tests.MonthlyDependOnTransaction">
        <test-method status="PASS" signature="startDriver(java.lang.String)[pri:0, instance:tests.MonthlyDependOnTransaction@5a8e6209]" name="startDriver" is-config="true" duration-ms="8270" started-at="2019-06-11T07:13:47Z" finished-at="2019-06-11T07:13:55Z">
          <params>
            <param index="0">
              <value>
                <![CDATA[chrome]]>
              </value>
            </param>
          </params>
          <reporter-output>
          </reporter-output>
        </test-method> <!-- startDriver -->
        <test-method status="PASS" signature="CheckLogin()[pri:0, instance:tests.MonthlyDependOnTransaction@5a8e6209]" name="CheckLogin" duration-ms="350" started-at="2019-06-11T07:13:55Z" finished-at="2019-06-11T07:13:56Z">
          <reporter-output>
          </reporter-output>
        </test-method> <!-- CheckLogin -->
        <test-method status="PASS" signature="takeScreenshots(org.testng.ITestResult)[pri:0, instance:tests.MonthlyDependOnTransaction@5a8e6209]" name="takeScreenshots" is-config="true" duration-ms="538" started-at="2019-06-11T07:13:56Z" finished-at="2019-06-11T07:13:56Z">
          <params>
            <param index="0">
              <value>
                <![CDATA[[TestResult name=CheckLogin status=SUCCESS method=MonthlyDependOnTransaction.CheckLogin()[pri:0, instance:tests.MonthlyDependOnTransaction@5a8e6209] output={null}]]]>
              </value>
            </param>
          </params>
          <reporter-output>
          </reporter-output>
        </test-method> <!-- takeScreenshots -->
        <test-method status="PASS" signature="OpenRepaymentPlanModule()[pri:0, instance:tests.MonthlyDependOnTransaction@5a8e6209]" name="OpenRepaymentPlanModule" duration-ms="10611" started-at="2019-06-11T07:13:56Z" depends-on-methods="tests.MonthlyDependOnTransaction.CheckLogin" finished-at="2019-06-11T07:14:07Z">
          <reporter-output>
          </reporter-output>
        </test-method> <!-- OpenRepaymentPlanModule -->
        <test-method status="PASS" signature="takeScreenshots(org.testng.ITestResult)[pri:0, instance:tests.MonthlyDependOnTransaction@5a8e6209]" name="takeScreenshots" is-config="true" duration-ms="308" started-at="2019-06-11T07:14:07Z" finished-at="2019-06-11T07:14:07Z">
          <params>
            <param index="0">
              <value>
                <![CDATA[[TestResult name=OpenRepaymentPlanModule status=SUCCESS method=MonthlyDependOnTransaction.OpenRepaymentPlanModule()[pri:0, instance:tests.MonthlyDependOnTransaction@5a8e6209] output={null}]]]>
              </value>
            </param>
          </params>
          <reporter-output>
          </reporter-output>
        </test-method> <!-- takeScreenshots -->
        <test-method status="PASS" signature="fillRepaymentPlanMasterData()[pri:0, instance:tests.MonthlyDependOnTransaction@5a8e6209]" name="fillRepaymentPlanMasterData" duration-ms="20040" started-at="2019-06-11T07:14:07Z" depends-on-methods="tests.MonthlyDependOnTransaction.OpenRepaymentPlanModule" finished-at="2019-06-11T07:14:27Z">
          <reporter-output>
          </reporter-output>
        </test-method> <!-- fillRepaymentPlanMasterData -->
        <test-method status="PASS" signature="takeScreenshots(org.testng.ITestResult)[pri:0, instance:tests.MonthlyDependOnTransaction@5a8e6209]" name="takeScreenshots" is-config="true" duration-ms="368" started-at="2019-06-11T07:14:27Z" finished-at="2019-06-11T07:14:27Z">
          <params>
            <param index="0">
              <value>
                <![CDATA[[TestResult name=fillRepaymentPlanMasterData status=SUCCESS method=MonthlyDependOnTransaction.fillRepaymentPlanMasterData()[pri:0, instance:tests.MonthlyDependOnTransaction@5a8e6209] output={null}]]]>
              </value>
            </param>
          </params>
          <reporter-output>
          </reporter-output>
        </test-method> <!-- takeScreenshots -->
        <test-method status="PASS" signature="fillRepaymentsOptionsData()[pri:0, instance:tests.MonthlyDependOnTransaction@5a8e6209]" name="fillRepaymentsOptionsData" duration-ms="338" started-at="2019-06-11T07:14:27Z" depends-on-methods="tests.MonthlyDependOnTransaction.fillRepaymentPlanMasterData" finished-at="2019-06-11T07:14:28Z">
          <reporter-output>
          </reporter-output>
        </test-method> <!-- fillRepaymentsOptionsData -->
        <test-method status="PASS" signature="takeScreenshots(org.testng.ITestResult)[pri:0, instance:tests.MonthlyDependOnTransaction@5a8e6209]" name="takeScreenshots" is-config="true" duration-ms="315" started-at="2019-06-11T07:14:28Z" finished-at="2019-06-11T07:14:28Z">
          <params>
            <param index="0">
              <value>
                <![CDATA[[TestResult name=fillRepaymentsOptionsData status=SUCCESS method=MonthlyDependOnTransaction.fillRepaymentsOptionsData()[pri:0, instance:tests.MonthlyDependOnTransaction@5a8e6209] output={null}]]]>
              </value>
            </param>
          </params>
          <reporter-output>
          </reporter-output>
        </test-method> <!-- takeScreenshots -->
        <test-method status="PASS" signature="fillProfitRateData()[pri:0, instance:tests.MonthlyDependOnTransaction@5a8e6209]" name="fillProfitRateData" duration-ms="283" started-at="2019-06-11T07:14:28Z" depends-on-methods="tests.MonthlyDependOnTransaction.fillRepaymentsOptionsData" finished-at="2019-06-11T07:14:28Z">
          <reporter-output>
          </reporter-output>
        </test-method> <!-- fillProfitRateData -->
        <test-method status="PASS" signature="takeScreenshots(org.testng.ITestResult)[pri:0, instance:tests.MonthlyDependOnTransaction@5a8e6209]" name="takeScreenshots" is-config="true" duration-ms="298" started-at="2019-06-11T07:14:28Z" finished-at="2019-06-11T07:14:29Z">
          <params>
            <param index="0">
              <value>
                <![CDATA[[TestResult name=fillProfitRateData status=SUCCESS method=MonthlyDependOnTransaction.fillProfitRateData()[pri:0, instance:tests.MonthlyDependOnTransaction@5a8e6209] output={null}]]]>
              </value>
            </param>
          </params>
          <reporter-output>
          </reporter-output>
        </test-method> <!-- takeScreenshots -->
        <test-method status="PASS" signature="fillIntervalsDataWithLastDay()[pri:0, instance:tests.MonthlyDependOnTransaction@5a8e6209]" name="fillIntervalsDataWithLastDay" duration-ms="46843" started-at="2019-06-11T07:14:29Z" depends-on-methods="tests.MonthlyDependOnTransaction.fillProfitRateData" finished-at="2019-06-11T07:15:15Z">
          <reporter-output>
          </reporter-output>
        </test-method> <!-- fillIntervalsDataWithLastDay -->
        <test-method status="PASS" signature="takeScreenshots(org.testng.ITestResult)[pri:0, instance:tests.MonthlyDependOnTransaction@5a8e6209]" name="takeScreenshots" is-config="true" duration-ms="382" started-at="2019-06-11T07:15:15Z" finished-at="2019-06-11T07:15:16Z">
          <params>
            <param index="0">
              <value>
                <![CDATA[[TestResult name=fillIntervalsDataWithLastDay status=SUCCESS method=MonthlyDependOnTransaction.fillIntervalsDataWithLastDay()[pri:0, instance:tests.MonthlyDependOnTransaction@5a8e6209] output={null}]]]>
              </value>
            </param>
          </params>
          <reporter-output>
          </reporter-output>
        </test-method> <!-- takeScreenshots -->
        <test-method status="PASS" signature="stopDriver()[pri:0, instance:tests.MonthlyDependOnTransaction@5a8e6209]" name="stopDriver" is-config="true" duration-ms="0" started-at="2019-06-11T07:16:37Z" finished-at="2019-06-11T07:16:37Z">
          <reporter-output>
          </reporter-output>
        </test-method> <!-- stopDriver -->
      </class> <!-- tests.MonthlyDependOnTransaction -->
      <class name="tests.ProductSetupAfterRepPlan">
        <test-method status="PASS" signature="FillData()[pri:0, instance:tests.ProductSetupAfterRepPlan@4b4523f8]" name="FillData" duration-ms="69259" depends-on-groups="MonthlyDependOnTransaction" started-at="2019-06-11T07:15:16Z" finished-at="2019-06-11T07:16:25Z">
          <reporter-output>
          </reporter-output>
        </test-method> <!-- FillData -->
        <test-method status="PASS" signature="takeScreenshots(org.testng.ITestResult)[pri:0, instance:tests.ProductSetupAfterRepPlan@4b4523f8]" name="takeScreenshots" is-config="true" duration-ms="331" started-at="2019-06-11T07:16:25Z" finished-at="2019-06-11T07:16:25Z">
          <params>
            <param index="0">
              <value>
                <![CDATA[[TestResult name=FillData status=SUCCESS method=ProductSetupAfterRepPlan.FillData()[pri:0, instance:tests.ProductSetupAfterRepPlan@4b4523f8] output={null}]]]>
              </value>
            </param>
          </params>
          <reporter-output>
          </reporter-output>
        </test-method> <!-- takeScreenshots -->
        <test-method status="PASS" signature="SaveProductSetup()[pri:0, instance:tests.ProductSetupAfterRepPlan@4b4523f8]" name="SaveProductSetup" duration-ms="5190" started-at="2019-06-11T07:16:25Z" depends-on-methods="tests.ProductSetupAfterRepPlan.FillData" finished-at="2019-06-11T07:16:31Z">
          <reporter-output>
          </reporter-output>
        </test-method> <!-- SaveProductSetup -->
        <test-method status="PASS" signature="takeScreenshots(org.testng.ITestResult)[pri:0, instance:tests.ProductSetupAfterRepPlan@4b4523f8]" name="takeScreenshots" is-config="true" duration-ms="566" started-at="2019-06-11T07:16:31Z" finished-at="2019-06-11T07:16:31Z">
          <params>
            <param index="0">
              <value>
                <![CDATA[[TestResult name=SaveProductSetup status=SUCCESS method=ProductSetupAfterRepPlan.SaveProductSetup()[pri:0, instance:tests.ProductSetupAfterRepPlan@4b4523f8] output={null}]]]>
              </value>
            </param>
          </params>
          <reporter-output>
          </reporter-output>
        </test-method> <!-- takeScreenshots -->
        <test-method status="PASS" signature="PostButton()[pri:0, instance:tests.ProductSetupAfterRepPlan@4b4523f8]" name="PostButton" duration-ms="5155" started-at="2019-06-11T07:16:31Z" depends-on-methods="tests.ProductSetupAfterRepPlan.SaveProductSetup" finished-at="2019-06-11T07:16:36Z">
          <reporter-output>
          </reporter-output>
        </test-method> <!-- PostButton -->
        <test-method status="PASS" signature="takeScreenshots(org.testng.ITestResult)[pri:0, instance:tests.ProductSetupAfterRepPlan@4b4523f8]" name="takeScreenshots" is-config="true" duration-ms="342" started-at="2019-06-11T07:16:36Z" finished-at="2019-06-11T07:16:37Z">
          <params>
            <param index="0">
              <value>
                <![CDATA[[TestResult name=PostButton status=SUCCESS method=ProductSetupAfterRepPlan.PostButton()[pri:0, instance:tests.ProductSetupAfterRepPlan@4b4523f8] output={null}]]]>
              </value>
            </param>
          </params>
          <reporter-output>
          </reporter-output>
        </test-method> <!-- takeScreenshots -->
      </class> <!-- tests.ProductSetupAfterRepPlan -->
    </test> <!-- MytestCase -->
  </suite> <!-- testSuite -->
</testng-results>
