<?xml version="1.0" encoding="UTF-8"?>
<testng-results skipped="0" failed="0" ignored="0" total="2" passed="2">
  <reporter-output>
  </reporter-output>
  <suite name="Default suite" duration-ms="74352" started-at="2019-03-20T13:56:54Z" finished-at="2019-03-20T13:58:08Z">
    <groups>
    </groups>
    <test name="Default test" duration-ms="74352" started-at="2019-03-20T13:56:54Z" finished-at="2019-03-20T13:58:08Z">
      <class name="tests.BusinessRulesTest">
        <test-method status="PASS" signature="startDriver(java.lang.String)[pri:0, instance:tests.BusinessRulesTest@5e3a8624]" name="startDriver" is-config="true" duration-ms="5510" started-at="2019-03-20T13:56:48Z" finished-at="2019-03-20T13:56:54Z">
          <params>
            <param index="0">
              <value>
                <![CDATA[chrome]]>
              </value>
            </param>
          </params>
          <reporter-output>
          </reporter-output>
        </test-method> <!-- startDriver -->
        <test-method status="PASS" signature="CheckLogin()[pri:1, instance:tests.BusinessRulesTest@5e3a8624]" name="CheckLogin" duration-ms="398" started-at="2019-03-20T13:56:54Z" finished-at="2019-03-20T13:56:54Z">
          <reporter-output>
          </reporter-output>
        </test-method> <!-- CheckLogin -->
        <test-method status="PASS" signature="takeScreenshots(org.testng.ITestResult)[pri:0, instance:tests.BusinessRulesTest@5e3a8624]" name="takeScreenshots" is-config="true" duration-ms="587" started-at="2019-03-20T13:56:54Z" finished-at="2019-03-20T13:56:55Z">
          <params>
            <param index="0">
              <value>
                <![CDATA[[TestResult name=CheckLogin status=SUCCESS method=BusinessRulesTest.CheckLogin()[pri:1, instance:tests.BusinessRulesTest@5e3a8624] output={null}]]]>
              </value>
            </param>
          </params>
          <reporter-output>
          </reporter-output>
        </test-method> <!-- takeScreenshots -->
        <test-method status="PASS" signature="OpenBusinessRules()[pri:2, instance:tests.BusinessRulesTest@5e3a8624]" name="OpenBusinessRules" duration-ms="73047" started-at="2019-03-20T13:56:55Z" finished-at="2019-03-20T13:58:08Z">
          <reporter-output>
          </reporter-output>
        </test-method> <!-- OpenBusinessRules -->
        <test-method status="PASS" signature="takeScreenshots(org.testng.ITestResult)[pri:0, instance:tests.BusinessRulesTest@5e3a8624]" name="takeScreenshots" is-config="true" duration-ms="303" started-at="2019-03-20T13:58:08Z" finished-at="2019-03-20T13:58:08Z">
          <params>
            <param index="0">
              <value>
                <![CDATA[[TestResult name=OpenBusinessRules status=SUCCESS method=BusinessRulesTest.OpenBusinessRules()[pri:2, instance:tests.BusinessRulesTest@5e3a8624] output={null}]]]>
              </value>
            </param>
          </params>
          <reporter-output>
          </reporter-output>
        </test-method> <!-- takeScreenshots -->
        <test-method status="PASS" signature="stopDriver()[pri:0, instance:tests.BusinessRulesTest@5e3a8624]" name="stopDriver" is-config="true" duration-ms="715" started-at="2019-03-20T13:58:08Z" finished-at="2019-03-20T13:58:09Z">
          <reporter-output>
          </reporter-output>
        </test-method> <!-- stopDriver -->
      </class> <!-- tests.BusinessRulesTest -->
    </test> <!-- Default test -->
  </suite> <!-- Default suite -->
</testng-results>
