<?xml version="1.0" encoding="UTF-8"?>
<testng-results skipped="0" failed="0" ignored="0" total="3" passed="3">
  <reporter-output>
  </reporter-output>
  <suite name="Default suite" duration-ms="135674" started-at="2019-03-21T09:12:45Z" finished-at="2019-03-21T09:15:01Z">
    <groups>
    </groups>
    <test name="Default test" duration-ms="135674" started-at="2019-03-21T09:12:45Z" finished-at="2019-03-21T09:15:01Z">
      <class name="tests.ProductSetupTest">
        <test-method status="PASS" signature="startDriver(java.lang.String)[pri:0, instance:tests.ProductSetupTest@91161c7]" name="startDriver" is-config="true" duration-ms="4696" started-at="2019-03-21T09:12:40Z" finished-at="2019-03-21T09:12:45Z">
          <params>
            <param index="0">
              <value>
                <![CDATA[chrome]]>
              </value>
            </param>
          </params>
          <reporter-output>
          </reporter-output>
        </test-method> <!-- startDriver -->
        <test-method status="PASS" signature="CheckLogin()[pri:1, instance:tests.ProductSetupTest@91161c7]" name="CheckLogin" duration-ms="364" started-at="2019-03-21T09:12:45Z" finished-at="2019-03-21T09:12:45Z">
          <reporter-output>
          </reporter-output>
        </test-method> <!-- CheckLogin -->
        <test-method status="PASS" signature="takeScreenshots(org.testng.ITestResult)[pri:0, instance:tests.ProductSetupTest@91161c7]" name="takeScreenshots" is-config="true" duration-ms="1356" started-at="2019-03-21T09:12:45Z" finished-at="2019-03-21T09:12:47Z">
          <params>
            <param index="0">
              <value>
                <![CDATA[[TestResult name=CheckLogin status=SUCCESS method=ProductSetupTest.CheckLogin()[pri:1, instance:tests.ProductSetupTest@91161c7] output={null}]]]>
              </value>
            </param>
          </params>
          <reporter-output>
          </reporter-output>
        </test-method> <!-- takeScreenshots -->
        <test-method status="PASS" signature="FillData()[pri:0, instance:tests.ProductSetupTest@91161c7]" name="FillData" duration-ms="128196" started-at="2019-03-21T09:12:47Z" depends-on-methods="tests.ProductSetupTest.CheckLogin" finished-at="2019-03-21T09:14:55Z">
          <reporter-output>
          </reporter-output>
        </test-method> <!-- FillData -->
        <test-method status="PASS" signature="takeScreenshots(org.testng.ITestResult)[pri:0, instance:tests.ProductSetupTest@91161c7]" name="takeScreenshots" is-config="true" duration-ms="345" started-at="2019-03-21T09:14:55Z" finished-at="2019-03-21T09:14:55Z">
          <params>
            <param index="0">
              <value>
                <![CDATA[[TestResult name=FillData status=SUCCESS method=ProductSetupTest.FillData()[pri:0, instance:tests.ProductSetupTest@91161c7] output={null}]]]>
              </value>
            </param>
          </params>
          <reporter-output>
          </reporter-output>
        </test-method> <!-- takeScreenshots -->
        <test-method status="PASS" signature="SaveProductSetup()[pri:2, instance:tests.ProductSetupTest@91161c7]" name="SaveProductSetup" duration-ms="5098" started-at="2019-03-21T09:14:55Z" finished-at="2019-03-21T09:15:00Z">
          <reporter-output>
          </reporter-output>
        </test-method> <!-- SaveProductSetup -->
        <test-method status="PASS" signature="takeScreenshots(org.testng.ITestResult)[pri:0, instance:tests.ProductSetupTest@91161c7]" name="takeScreenshots" is-config="true" duration-ms="297" started-at="2019-03-21T09:15:00Z" finished-at="2019-03-21T09:15:01Z">
          <params>
            <param index="0">
              <value>
                <![CDATA[[TestResult name=SaveProductSetup status=SUCCESS method=ProductSetupTest.SaveProductSetup()[pri:2, instance:tests.ProductSetupTest@91161c7] output={null}]]]>
              </value>
            </param>
          </params>
          <reporter-output>
          </reporter-output>
        </test-method> <!-- takeScreenshots -->
        <test-method status="PASS" signature="stopDriver()[pri:0, instance:tests.ProductSetupTest@91161c7]" name="stopDriver" is-config="true" duration-ms="657" started-at="2019-03-21T09:15:01Z" finished-at="2019-03-21T09:15:01Z">
          <reporter-output>
          </reporter-output>
        </test-method> <!-- stopDriver -->
      </class> <!-- tests.ProductSetupTest -->
    </test> <!-- Default test -->
  </suite> <!-- Default suite -->
</testng-results>
