<?xml version="1.0" encoding="UTF-8"?>
<testng-results skipped="0" failed="0" ignored="0" total="5" passed="5">
  <reporter-output>
  </reporter-output>
  <suite name="Default suite" duration-ms="68143" started-at="2019-04-17T09:58:38Z" finished-at="2019-04-17T09:59:46Z">
    <groups>
      <group name="RetailMurabahaTest">
        <method signature="RetailMurabahaTest.CheckLogin()[pri:0, instance:tests.RetailMurabahaTest@6a41eaa2]" name="CheckLogin" class="tests.RetailMurabahaTest"/>
        <method signature="RetailMurabahaTest.CheckOpenRetailMurabah()[pri:0, instance:tests.RetailMurabahaTest@6a41eaa2]" name="CheckOpenRetailMurabah" class="tests.RetailMurabahaTest"/>
        <method signature="RetailMurabahaTest.CheckInsertAllMandatoryFields()[pri:0, instance:tests.RetailMurabahaTest@6a41eaa2]" name="CheckInsertAllMandatoryFields" class="tests.RetailMurabahaTest"/>
        <method signature="RetailMurabahaTest.CheckSaveRetailMurabaha()[pri:0, instance:tests.RetailMurabahaTest@6a41eaa2]" name="CheckSaveRetailMurabaha" class="tests.RetailMurabahaTest"/>
        <method signature="RetailMurabahaTest.RequestForApprove()[pri:0, instance:tests.RetailMurabahaTest@6a41eaa2]" name="RequestForApprove" class="tests.RetailMurabahaTest"/>
      </group> <!-- RetailMurabahaTest -->
    </groups>
    <test name="Default test" duration-ms="68143" started-at="2019-04-17T09:58:38Z" finished-at="2019-04-17T09:59:46Z">
      <class name="tests.RetailMurabahaTest">
        <test-method status="PASS" signature="startDriver(java.lang.String)[pri:0, instance:tests.RetailMurabahaTest@6a41eaa2]" name="startDriver" is-config="true" duration-ms="5695" started-at="2019-04-17T09:58:32Z" finished-at="2019-04-17T09:58:38Z">
          <params>
            <param index="0">
              <value>
                <![CDATA[chrome]]>
              </value>
            </param>
          </params>
          <reporter-output>
          </reporter-output>
        </test-method> <!-- startDriver -->
        <test-method status="PASS" signature="CheckLogin()[pri:0, instance:tests.RetailMurabahaTest@6a41eaa2]" name="CheckLogin" duration-ms="1558" started-at="2019-04-17T09:58:38Z" finished-at="2019-04-17T09:58:39Z">
          <reporter-output>
          </reporter-output>
        </test-method> <!-- CheckLogin -->
        <test-method status="PASS" signature="takeScreenshots(org.testng.ITestResult)[pri:0, instance:tests.RetailMurabahaTest@6a41eaa2]" name="takeScreenshots" is-config="true" duration-ms="464" started-at="2019-04-17T09:58:39Z" finished-at="2019-04-17T09:58:40Z">
          <params>
            <param index="0">
              <value>
                <![CDATA[[TestResult name=CheckLogin status=SUCCESS method=RetailMurabahaTest.CheckLogin()[pri:0, instance:tests.RetailMurabahaTest@6a41eaa2] output={null}]]]>
              </value>
            </param>
          </params>
          <reporter-output>
          </reporter-output>
        </test-method> <!-- takeScreenshots -->
        <test-method status="PASS" signature="CheckOpenRetailMurabah()[pri:0, instance:tests.RetailMurabahaTest@6a41eaa2]" name="CheckOpenRetailMurabah" duration-ms="3784" started-at="2019-04-17T09:58:40Z" depends-on-methods="tests.RetailMurabahaTest.CheckLogin" finished-at="2019-04-17T09:58:43Z">
          <reporter-output>
          </reporter-output>
        </test-method> <!-- CheckOpenRetailMurabah -->
        <test-method status="PASS" signature="takeScreenshots(org.testng.ITestResult)[pri:0, instance:tests.RetailMurabahaTest@6a41eaa2]" name="takeScreenshots" is-config="true" duration-ms="277" started-at="2019-04-17T09:58:43Z" finished-at="2019-04-17T09:58:44Z">
          <params>
            <param index="0">
              <value>
                <![CDATA[[TestResult name=CheckOpenRetailMurabah status=SUCCESS method=RetailMurabahaTest.CheckOpenRetailMurabah()[pri:0, instance:tests.RetailMurabahaTest@6a41eaa2] output={null}]]]>
              </value>
            </param>
          </params>
          <reporter-output>
          </reporter-output>
        </test-method> <!-- takeScreenshots -->
        <test-method status="PASS" signature="CheckInsertAllMandatoryFields()[pri:0, instance:tests.RetailMurabahaTest@6a41eaa2]" name="CheckInsertAllMandatoryFields" duration-ms="54209" started-at="2019-04-17T09:58:44Z" depends-on-methods="tests.RetailMurabahaTest.CheckOpenRetailMurabah" finished-at="2019-04-17T09:59:38Z">
          <reporter-output>
          </reporter-output>
        </test-method> <!-- CheckInsertAllMandatoryFields -->
        <test-method status="PASS" signature="takeScreenshots(org.testng.ITestResult)[pri:0, instance:tests.RetailMurabahaTest@6a41eaa2]" name="takeScreenshots" is-config="true" duration-ms="308" started-at="2019-04-17T09:59:38Z" finished-at="2019-04-17T09:59:38Z">
          <params>
            <param index="0">
              <value>
                <![CDATA[[TestResult name=CheckInsertAllMandatoryFields status=SUCCESS method=RetailMurabahaTest.CheckInsertAllMandatoryFields()[pri:0, instance:tests.RetailMurabahaTest@6a41eaa2] output={null}]]]>
              </value>
            </param>
          </params>
          <reporter-output>
          </reporter-output>
        </test-method> <!-- takeScreenshots -->
        <test-method status="PASS" signature="CheckSaveRetailMurabaha()[pri:0, instance:tests.RetailMurabahaTest@6a41eaa2]" name="CheckSaveRetailMurabaha" duration-ms="3739" started-at="2019-04-17T09:59:38Z" depends-on-methods="tests.RetailMurabahaTest.CheckInsertAllMandatoryFields" finished-at="2019-04-17T09:59:42Z">
          <reporter-output>
          </reporter-output>
        </test-method> <!-- CheckSaveRetailMurabaha -->
        <test-method status="PASS" signature="takeScreenshots(org.testng.ITestResult)[pri:0, instance:tests.RetailMurabahaTest@6a41eaa2]" name="takeScreenshots" is-config="true" duration-ms="297" started-at="2019-04-17T09:59:42Z" finished-at="2019-04-17T09:59:42Z">
          <params>
            <param index="0">
              <value>
                <![CDATA[[TestResult name=CheckSaveRetailMurabaha status=SUCCESS method=RetailMurabahaTest.CheckSaveRetailMurabaha()[pri:0, instance:tests.RetailMurabahaTest@6a41eaa2] output={null}]]]>
              </value>
            </param>
          </params>
          <reporter-output>
          </reporter-output>
        </test-method> <!-- takeScreenshots -->
        <test-method status="PASS" signature="RequestForApprove()[pri:0, instance:tests.RetailMurabahaTest@6a41eaa2]" name="RequestForApprove" duration-ms="3183" started-at="2019-04-17T09:59:42Z" depends-on-methods="tests.RetailMurabahaTest.CheckSaveRetailMurabaha" finished-at="2019-04-17T09:59:45Z">
          <reporter-output>
          </reporter-output>
        </test-method> <!-- RequestForApprove -->
        <test-method status="PASS" signature="takeScreenshots(org.testng.ITestResult)[pri:0, instance:tests.RetailMurabahaTest@6a41eaa2]" name="takeScreenshots" is-config="true" duration-ms="306" started-at="2019-04-17T09:59:45Z" finished-at="2019-04-17T09:59:46Z">
          <params>
            <param index="0">
              <value>
                <![CDATA[[TestResult name=RequestForApprove status=SUCCESS method=RetailMurabahaTest.RequestForApprove()[pri:0, instance:tests.RetailMurabahaTest@6a41eaa2] output={null}]]]>
              </value>
            </param>
          </params>
          <reporter-output>
          </reporter-output>
        </test-method> <!-- takeScreenshots -->
        <test-method status="PASS" signature="stopDriver()[pri:0, instance:tests.RetailMurabahaTest@6a41eaa2]" name="stopDriver" is-config="true" duration-ms="1" started-at="2019-04-17T09:59:46Z" finished-at="2019-04-17T09:59:46Z">
          <reporter-output>
          </reporter-output>
        </test-method> <!-- stopDriver -->
      </class> <!-- tests.RetailMurabahaTest -->
    </test> <!-- Default test -->
  </suite> <!-- Default suite -->
</testng-results>
