<?xml version="1.0" encoding="UTF-8"?>
<!-- Generated by org.testng.reporters.JUnitXMLReporter -->
<testsuite hostname="EGDM1-ABaiomy" ignored="4" name="MytestCase" tests="10" failures="1" timestamp="26 Mar 2019 14:54:13 GMT" time="222.997" errors="0">
  <testcase name="CheckLogin" time="3.332" classname="tests.BusinessRulesTest"/>
  <testcase name="OpenBusinessRules" time="49.625" classname="tests.BusinessRulesTest"/>
  <testcase name="SaveBusinessRules" time="6.09" classname="tests.BusinessRulesTest"/>
  <testcase name="FillData" time="113.953" classname="tests.ProductSetupTest"/>
  <testcase name="SaveProductSetup" time="5.103" classname="tests.ProductSetupTest"/>
  <testcase name="PostButton" time="5.135" classname="tests.ProductSetupTest"/>
  <testcase name="CheckOpenRetailMurabah" time="28.71" classname="tests.RetailMurabahaTest"/>
  <testcase name="CheckInsertAllMandatoryFields" time="8.406" classname="tests.RetailMurabahaTest">
    <failure type="org.openqa.selenium.WebDriverException" message="unknown error: Element &amp;lt;input type=&amp;quot;image&amp;quot; name=&amp;quot;V18TC$V8TP$V8AddButton&amp;quot; id=&amp;quot;V18TC_V8TP_V8AddButton&amp;quot; onmouseout=&amp;quot;this.src.replace(&amp;apos;over&amp;apos;,&amp;apos;&amp;apos;)&amp;quot; onmouseover=&amp;quot;this.src.replace(&amp;apos;.gif&amp;apos;,&amp;apos;over.gif&amp;apos;)&amp;quot; src=&amp;quot;../Images/ButtonBarNew.gif&amp;quot; onclick=&amp;quot;return AddItemsClick();WebForm_DoPostBackWithOptions(new WebForm_PostBackOptions(&amp;amp;quot;V18TC$V8TP$V8AddButton&amp;amp;quot;, &amp;amp;quot;&amp;amp;quot;, true, &amp;amp;quot;&amp;amp;quot;, &amp;amp;quot;&amp;amp;quot;, false, false))&amp;quot;&amp;gt; is not clickable at point (41, 523). Other element would receive the click: &amp;lt;div class=&amp;quot;lobibox-backdrop&amp;quot;&amp;gt;&amp;lt;/div&amp;gt;
  (Session info: chrome=73.0.3683.86)
  (Driver info: chromedriver=71.0.3578.33 (269aa0e3f0db08097f0fe231c7e6be200b6939f7),platform=Windows NT 10.0.16299 x86_64) (WARNING: The server did not provide any stacktrace information)
Command duration or timeout: 0 milliseconds
Build info: version: &amp;apos;3.141.59&amp;apos;, revision: &amp;apos;e82be7d358&amp;apos;, time: &amp;apos;2018-11-14T08:17:03&amp;apos;
System info: host: &amp;apos;EGDM1-ABAIOMY&amp;apos;, ip: &amp;apos;192.168.113.60&amp;apos;, os.name: &amp;apos;Windows 10&amp;apos;, os.arch: &amp;apos;amd64&amp;apos;, os.version: &amp;apos;10.0&amp;apos;, java.version: &amp;apos;1.8.0_151&amp;apos;
Driver info: org.openqa.selenium.chrome.ChromeDriver
Capabilities {acceptInsecureCerts: false, acceptSslCerts: false, applicationCacheEnabled: false, browserConnectionEnabled: false, browserName: chrome, chrome: {chromedriverVersion: 71.0.3578.33 (269aa0e3f0db0..., userDataDir: C:\Users\AMR~1.BAI\AppData\...}, cssSelectorsEnabled: true, databaseEnabled: false, goog:chromeOptions: {debuggerAddress: localhost:21527}, handlesAlerts: true, hasTouchScreen: false, javascriptEnabled: true, locationContextEnabled: true, mobileEmulationEnabled: false, nativeEvents: true, networkConnectionEnabled: false, pageLoadStrategy: normal, platform: XP, platformName: XP, rotatable: false, setWindowRect: true, takesHeapSnapshot: true, takesScreenshot: true, unexpectedAlertBehaviour: , unhandledPromptBehavior: , version: 73.0.3683.86, webStorageEnabled: true}
Session ID: 8a8e2f6789aa079b27782d332eca0e51">
      <![CDATA[org.openqa.selenium.WebDriverException: unknown error: Element <input type="image" name="V18TC$V8TP$V8AddButton" id="V18TC_V8TP_V8AddButton" onmouseout="this.src.replace('over','')" onmouseover="this.src.replace('.gif','over.gif')" src="../Images/ButtonBarNew.gif" onclick="return AddItemsClick();WebForm_DoPostBackWithOptions(new WebForm_PostBackOptions(&quot;V18TC$V8TP$V8AddButton&quot;, &quot;&quot;, true, &quot;&quot;, &quot;&quot;, false, false))"> is not clickable at point (41, 523). Other element would receive the click: <div class="lobibox-backdrop"></div>
  (Session info: chrome=73.0.3683.86)
  (Driver info: chromedriver=71.0.3578.33 (269aa0e3f0db08097f0fe231c7e6be200b6939f7),platform=Windows NT 10.0.16299 x86_64) (WARNING: The server did not provide any stacktrace information)
Command duration or timeout: 0 milliseconds
Build info: version: '3.141.59', revision: 'e82be7d358', time: '2018-11-14T08:17:03'
System info: host: 'EGDM1-ABAIOMY', ip: '192.168.113.60', os.name: 'Windows 10', os.arch: 'amd64', os.version: '10.0', java.version: '1.8.0_151'
Driver info: org.openqa.selenium.chrome.ChromeDriver
Capabilities {acceptInsecureCerts: false, acceptSslCerts: false, applicationCacheEnabled: false, browserConnectionEnabled: false, browserName: chrome, chrome: {chromedriverVersion: 71.0.3578.33 (269aa0e3f0db0..., userDataDir: C:\Users\AMR~1.BAI\AppData\...}, cssSelectorsEnabled: true, databaseEnabled: false, goog:chromeOptions: {debuggerAddress: localhost:21527}, handlesAlerts: true, hasTouchScreen: false, javascriptEnabled: true, locationContextEnabled: true, mobileEmulationEnabled: false, nativeEvents: true, networkConnectionEnabled: false, pageLoadStrategy: normal, platform: XP, platformName: XP, rotatable: false, setWindowRect: true, takesHeapSnapshot: true, takesScreenshot: true, unexpectedAlertBehaviour: , unhandledPromptBehavior: , version: 73.0.3683.86, webStorageEnabled: true}
Session ID: 8a8e2f6789aa079b27782d332eca0e51
at sun.reflect.NativeConstructorAccessorImpl.newInstance0(Native Method)
at sun.reflect.NativeConstructorAccessorImpl.newInstance(NativeConstructorAccessorImpl.java:62)
at sun.reflect.DelegatingConstructorAccessorImpl.newInstance(DelegatingConstructorAccessorImpl.java:45)
at java.lang.reflect.Constructor.newInstance(Constructor.java:423)
at org.openqa.selenium.remote.ErrorHandler.createThrowable(ErrorHandler.java:214)
at org.openqa.selenium.remote.ErrorHandler.throwIfResponseFailed(ErrorHandler.java:166)
at org.openqa.selenium.remote.http.JsonHttpResponseCodec.reconstructValue(JsonHttpResponseCodec.java:40)
at org.openqa.selenium.remote.http.AbstractHttpResponseCodec.decode(AbstractHttpResponseCodec.java:80)
at org.openqa.selenium.remote.http.AbstractHttpResponseCodec.decode(AbstractHttpResponseCodec.java:44)
at org.openqa.selenium.remote.HttpCommandExecutor.execute(HttpCommandExecutor.java:158)
at org.openqa.selenium.remote.service.DriverCommandExecutor.execute(DriverCommandExecutor.java:83)
at org.openqa.selenium.remote.RemoteWebDriver.execute(RemoteWebDriver.java:552)
at org.openqa.selenium.remote.RemoteWebElement.execute(RemoteWebElement.java:285)
at org.openqa.selenium.remote.RemoteWebElement.click(RemoteWebElement.java:84)
at sun.reflect.GeneratedMethodAccessor2.invoke(Unknown Source)
at sun.reflect.DelegatingMethodAccessorImpl.invoke(DelegatingMethodAccessorImpl.java:43)
at java.lang.reflect.Method.invoke(Method.java:498)
at org.openqa.selenium.support.pagefactory.internal.LocatingElementHandler.invoke(LocatingElementHandler.java:51)
at com.sun.proxy.$Proxy12.click(Unknown Source)
at Pages.PageBase.clickButton(PageBase.java:50)
at Pages.RetailMurabahaPage.FillRequiredFields(RetailMurabahaPage.java:119)
at tests.RetailMurabahaTest.CheckInsertAllMandatoryFields(RetailMurabahaTest.java:68)
at sun.reflect.NativeMethodAccessorImpl.invoke0(Native Method)
at sun.reflect.NativeMethodAccessorImpl.invoke(NativeMethodAccessorImpl.java:62)
at sun.reflect.DelegatingMethodAccessorImpl.invoke(DelegatingMethodAccessorImpl.java:43)
at java.lang.reflect.Method.invoke(Method.java:498)
at org.testng.internal.MethodInvocationHelper.invokeMethod(MethodInvocationHelper.java:124)
at org.testng.internal.Invoker.invokeMethod(Invoker.java:583)
at org.testng.internal.Invoker.invokeTestMethod(Invoker.java:719)
at org.testng.internal.Invoker.invokeTestMethods(Invoker.java:989)
at org.testng.internal.TestMethodWorker.invokeTestMethods(TestMethodWorker.java:125)
at org.testng.internal.TestMethodWorker.run(TestMethodWorker.java:109)
at org.testng.TestRunner.privateRun(TestRunner.java:648)
at org.testng.TestRunner.run(TestRunner.java:505)
at org.testng.SuiteRunner.runTest(SuiteRunner.java:455)
at org.testng.SuiteRunner.access$000(SuiteRunner.java:40)
at org.testng.SuiteRunner$SuiteWorker.run(SuiteRunner.java:489)
at org.testng.internal.thread.ThreadUtil$1.call(ThreadUtil.java:52)
at java.util.concurrent.FutureTask.run(FutureTask.java:266)
at java.util.concurrent.ThreadPoolExecutor.runWorker(ThreadPoolExecutor.java:1149)
at java.util.concurrent.ThreadPoolExecutor$Worker.run(ThreadPoolExecutor.java:624)
at java.lang.Thread.run(Thread.java:748)
]]>
    </failure>
  </testcase> <!-- CheckInsertAllMandatoryFields -->
  <testcase name="CheckSaveRetailMurabaha" time="0.0" classname="tests.RetailMurabahaTest">
    <skipped/>
  </testcase> <!-- CheckSaveRetailMurabaha -->
  <testcase name="RequestForApprove" time="0.0" classname="tests.RetailMurabahaTest">
    <skipped/>
  </testcase> <!-- RequestForApprove -->
  <testcase name="@BeforeSuite startDriver" time="0.0" classname="tests.TestBase">
    <ignored/>
  </testcase> <!-- @BeforeSuite startDriver -->
  <testcase name="@BeforeSuite startDriver" time="0.0" classname="tests.TestBase">
    <ignored/>
  </testcase> <!-- @BeforeSuite startDriver -->
  <testcase name="@AfterSuite stopDriver" time="0.0" classname="tests.TestBase">
    <ignored/>
  </testcase> <!-- @AfterSuite stopDriver -->
  <testcase name="@AfterSuite stopDriver" time="0.0" classname="tests.TestBase">
    <ignored/>
  </testcase> <!-- @AfterSuite stopDriver -->
</testsuite> <!-- MytestCase -->
