<?xml version="1.0" encoding="UTF-8"?>
<!-- Generated by org.testng.reporters.JUnitXMLReporter -->
<testsuite hostname="EGDM1-AMounir" ignored="2" name="MytestCase" tests="9" failures="0" timestamp="09 Jul 2019 12:11:21 GMT" time="195.985" errors="0">
  <testcase name="CheckLogin" time="0.317" classname="tests.MonthlyDependOnTransactionTest"/>
  <testcase name="OpenRepaymentPlanModule" time="3.63" classname="tests.MonthlyDependOnTransactionTest"/>
  <testcase name="fillRepaymentPlanMasterData" time="34.7" classname="tests.MonthlyDependOnTransactionTest"/>
  <testcase name="fillRepaymentsOptionsData" time="0.327" classname="tests.MonthlyDependOnTransactionTest"/>
  <testcase name="fillProfitRateData" time="0.275" classname="tests.MonthlyDependOnTransactionTest"/>
  <testcase name="fillIntervalsDataWithDependOnTransaction" time="68.846" classname="tests.MonthlyDependOnTransactionTest"/>
  <testcase name="FillData" time="73.121" classname="tests.ProductSetupAfterRepPlan"/>
  <testcase name="SaveProductSetup" time="5.163" classname="tests.ProductSetupAfterRepPlan"/>
  <testcase name="PostButton" time="5.106" classname="tests.ProductSetupAfterRepPlan"/>
  <testcase name="@BeforeSuite startDriver" time="0.0" classname="tests.TestBase">
    <ignored/>
  </testcase> <!-- @BeforeSuite startDriver -->
  <testcase name="@AfterSuite stopDriver" time="0.0" classname="tests.TestBase">
    <ignored/>
  </testcase> <!-- @AfterSuite stopDriver -->
</testsuite> <!-- MytestCase -->
