<?xml version="1.0" encoding="UTF-8"?>
<!-- Generated by org.testng.reporters.JUnitXMLReporter -->
<testsuite hostname="EGDM1-MEMAD" ignored="2" name="MytestCase" tests="9" failures="0" timestamp="01 Jul 2019 12:19:19 GMT" time="138.12" errors="0">
  <testcase name="CheckLogin" time="0.398" classname="tests.MonthlyDependOnTransaction"/>
  <testcase name="OpenRepaymentPlanModule" time="4.181" classname="tests.MonthlyDependOnTransaction"/>
  <testcase name="fillRepaymentPlanMasterData" time="19.126" classname="tests.MonthlyDependOnTransaction"/>
  <testcase name="fillRepaymentsOptionsData" time="0.353" classname="tests.MonthlyDependOnTransaction"/>
  <testcase name="fillProfitRateData" time="0.257" classname="tests.MonthlyDependOnTransaction"/>
  <testcase name="fillIntervalsDataWithLastDay" time="42.89" classname="tests.MonthlyDependOnTransaction"/>
  <testcase name="FillData" time="65.576" classname="tests.ProductSetupAfterRepPlan"/>
  <testcase name="SaveProductSetup" time="5.146" classname="tests.ProductSetupAfterRepPlan"/>
  <testcase name="PostButton" time="0.152" classname="tests.ProductSetupAfterRepPlan"/>
  <testcase name="@BeforeSuite startDriver" time="0.0" classname="tests.TestBase">
    <ignored/>
  </testcase> <!-- @BeforeSuite startDriver -->
  <testcase name="@AfterSuite stopDriver" time="0.0" classname="tests.TestBase">
    <ignored/>
  </testcase> <!-- @AfterSuite stopDriver -->
</testsuite> <!-- MytestCase -->
