<?xml version="1.0" encoding="UTF-8"?>
<!-- Generated by org.testng.reporters.JUnitXMLReporter -->
<testsuite hostname="EGDM1-AMounir" ignored="2" name="MytestCase" tests="9" failures="0" timestamp="11 Jun 2019 07:16:37 GMT" time="161.554" errors="0">
  <testcase name="CheckLogin" time="0.35" classname="tests.MonthlyDependOnTransaction"/>
  <testcase name="OpenRepaymentPlanModule" time="10.611" classname="tests.MonthlyDependOnTransaction"/>
  <testcase name="fillRepaymentPlanMasterData" time="20.04" classname="tests.MonthlyDependOnTransaction"/>
  <testcase name="fillRepaymentsOptionsData" time="0.338" classname="tests.MonthlyDependOnTransaction"/>
  <testcase name="fillProfitRateData" time="0.283" classname="tests.MonthlyDependOnTransaction"/>
  <testcase name="fillIntervalsDataWithLastDay" time="46.843" classname="tests.MonthlyDependOnTransaction"/>
  <testcase name="FillData" time="69.259" classname="tests.ProductSetupAfterRepPlan"/>
  <testcase name="SaveProductSetup" time="5.19" classname="tests.ProductSetupAfterRepPlan"/>
  <testcase name="PostButton" time="5.155" classname="tests.ProductSetupAfterRepPlan"/>
  <testcase name="@BeforeSuite startDriver" time="0.0" classname="tests.TestBase">
    <ignored/>
  </testcase> <!-- @BeforeSuite startDriver -->
  <testcase name="@AfterSuite stopDriver" time="0.0" classname="tests.TestBase">
    <ignored/>
  </testcase> <!-- @AfterSuite stopDriver -->
</testsuite> <!-- MytestCase -->
