<?xml version="1.0" encoding="UTF-8"?>
<!-- Generated by org.testng.reporters.JUnitXMLReporter -->
<testsuite hostname="EGDM1-AMounir" ignored="14" name="test" tests="41" failures="0" timestamp="29 Aug 2019 09:16:23 GMT" time="785.416" errors="0">
  <testcase name="CheckLogin" time="0.483" classname="tests.CRUDTest.SectorsCRUDTest"/>
  <testcase name="CheckSaveTestCase" time="24.527" classname="tests.CRUDTest.SectorsCRUDTest"/>
  <testcase name="checkUpdateTestCase" time="5.307" classname="tests.CRUDTest.SectorsCRUDTest"/>
  <testcase name="checkDeleteTestCase" time="2.108" classname="tests.CRUDTest.SectorsCRUDTest"/>
  <testcase name="checkFilterArea" time="27.973" classname="tests.CRUDTest.SectorsCRUDTest"/>
  <testcase name="checkRetrieveAllAndPaging" time="4.566" classname="tests.CRUDTest.SectorsCRUDTest"/>
  <testcase name="CheckSaveTestCase" time="17.666" classname="tests.CRUDTest.DocumentTypesCRUDTest"/>
  <testcase name="checkUpdateTestCase" time="5.359" classname="tests.CRUDTest.DocumentTypesCRUDTest"/>
  <testcase name="checkDeleteTestCase" time="2.145" classname="tests.CRUDTest.DocumentTypesCRUDTest"/>
  <testcase name="checkFilterArea" time="27.904" classname="tests.CRUDTest.DocumentTypesCRUDTest"/>
  <testcase name="checkRetrieveAllAndPaging" time="4.378" classname="tests.CRUDTest.DocumentTypesCRUDTest"/>
  <testcase name="CheckSaveTestCase" time="19.093" classname="tests.CRUDTest.RegionsCRUDTest"/>
  <testcase name="checkUpdateTestCase" time="5.3" classname="tests.CRUDTest.RegionsCRUDTest"/>
  <testcase name="checkDeleteTestCase" time="2.127" classname="tests.CRUDTest.RegionsCRUDTest"/>
  <testcase name="checkFilterArea" time="27.536" classname="tests.CRUDTest.RegionsCRUDTest"/>
  <testcase name="checkRetrieveAllAndPaging" time="4.388" classname="tests.CRUDTest.RegionsCRUDTest"/>
  <testcase name="CheckSaveTestCase" time="39.39" classname="tests.CRUDTest.CountriesCRUDTest"/>
  <testcase name="checkUpdateTestCase" time="5.413" classname="tests.CRUDTest.CountriesCRUDTest"/>
  <testcase name="checkDeleteTestCase" time="2.094" classname="tests.CRUDTest.CountriesCRUDTest"/>
  <testcase name="checkFilterArea" time="27.248" classname="tests.CRUDTest.CountriesCRUDTest"/>
  <testcase name="checkRetrieveAllAndPaging" time="2.537" classname="tests.CRUDTest.CountriesCRUDTest"/>
  <testcase name="CheckSaveTestCase" time="19.25" classname="tests.CRUDTest.IDTypesCRUDTest"/>
  <testcase name="checkUpdateTestCase" time="5.331" classname="tests.CRUDTest.IDTypesCRUDTest"/>
  <testcase name="checkDeleteTestCase" time="2.168" classname="tests.CRUDTest.IDTypesCRUDTest"/>
  <testcase name="checkFilterArea" time="27.214" classname="tests.CRUDTest.IDTypesCRUDTest"/>
  <testcase name="checkRetrieveAllAndPaging" time="2.499" classname="tests.CRUDTest.IDTypesCRUDTest"/>
  <testcase name="CheckSaveTestCase" time="22.115" classname="tests.CRUDTest.AnnualIncomeCRUDTest"/>
  <testcase name="checkUpdateTestCase" time="10.514" classname="tests.CRUDTest.AnnualIncomeCRUDTest"/>
  <testcase name="checkDeleteTestCase" time="2.08" classname="tests.CRUDTest.AnnualIncomeCRUDTest"/>
  <testcase name="checkFilterArea" time="27.932" classname="tests.CRUDTest.AnnualIncomeCRUDTest"/>
  <testcase name="checkRetrieveAllAndPaging" time="2.58" classname="tests.CRUDTest.AnnualIncomeCRUDTest"/>
  <testcase name="CheckSaveTestCase" time="293.84" classname="tests.CRUDTest.CompaniesCRUDTest"/>
  <testcase name="checkUpdateTestCase" time="5.651" classname="tests.CRUDTest.CompaniesCRUDTest"/>
  <testcase name="checkDeleteTestCase" time="2.117" classname="tests.CRUDTest.CompaniesCRUDTest"/>
  <testcase name="checkFilterArea" time="36.623" classname="tests.CRUDTest.CompaniesCRUDTest"/>
  <testcase name="checkRetrieveAllAndPaging" time="2.567" classname="tests.CRUDTest.CompaniesCRUDTest"/>
  <testcase name="CheckSaveTestCase" time="22.144" classname="tests.CRUDTest.CustomerScoringAttributesCRUDTest"/>
  <testcase name="checkUpdateTestCase" time="11.16" classname="tests.CRUDTest.CustomerScoringAttributesCRUDTest"/>
  <testcase name="checkDeleteTestCase" time="6.266" classname="tests.CRUDTest.CustomerScoringAttributesCRUDTest"/>
  <testcase name="checkFilterArea" time="22.43" classname="tests.CRUDTest.CustomerScoringAttributesCRUDTest"/>
  <testcase name="checkRetrieveAllAndPaging" time="2.517" classname="tests.CRUDTest.CustomerScoringAttributesCRUDTest"/>
  <testcase name="@AfterSuite stopDriver" time="0.0" classname="tests.TestBase">
    <ignored/>
  </testcase> <!-- @AfterSuite stopDriver -->
  <testcase name="@AfterSuite stopDriver" time="0.0" classname="tests.TestBase">
    <ignored/>
  </testcase> <!-- @AfterSuite stopDriver -->
  <testcase name="@AfterSuite stopDriver" time="0.0" classname="tests.TestBase">
    <ignored/>
  </testcase> <!-- @AfterSuite stopDriver -->
  <testcase name="@AfterSuite stopDriver" time="0.0" classname="tests.TestBase">
    <ignored/>
  </testcase> <!-- @AfterSuite stopDriver -->
  <testcase name="@AfterSuite stopDriver" time="0.0" classname="tests.TestBase">
    <ignored/>
  </testcase> <!-- @AfterSuite stopDriver -->
  <testcase name="@AfterSuite stopDriver" time="0.0" classname="tests.TestBase">
    <ignored/>
  </testcase> <!-- @AfterSuite stopDriver -->
  <testcase name="@AfterSuite stopDriver" time="0.0" classname="tests.TestBase">
    <ignored/>
  </testcase> <!-- @AfterSuite stopDriver -->
  <testcase name="@BeforeSuite startDriver" time="0.0" classname="tests.TestBase">
    <ignored/>
  </testcase> <!-- @BeforeSuite startDriver -->
  <testcase name="@BeforeSuite startDriver" time="0.0" classname="tests.TestBase">
    <ignored/>
  </testcase> <!-- @BeforeSuite startDriver -->
  <testcase name="@BeforeSuite startDriver" time="0.0" classname="tests.TestBase">
    <ignored/>
  </testcase> <!-- @BeforeSuite startDriver -->
  <testcase name="@BeforeSuite startDriver" time="0.0" classname="tests.TestBase">
    <ignored/>
  </testcase> <!-- @BeforeSuite startDriver -->
  <testcase name="@BeforeSuite startDriver" time="0.0" classname="tests.TestBase">
    <ignored/>
  </testcase> <!-- @BeforeSuite startDriver -->
  <testcase name="@BeforeSuite startDriver" time="0.0" classname="tests.TestBase">
    <ignored/>
  </testcase> <!-- @BeforeSuite startDriver -->
  <testcase name="@BeforeSuite startDriver" time="0.0" classname="tests.TestBase">
    <ignored/>
  </testcase> <!-- @BeforeSuite startDriver -->
</testsuite> <!-- test -->
